2020-12-28 10:51:37 [@lab01]
2 secondes for "Traitement en cours..." @ 2020-12-28 10:51:38 [@lab01]
1 seconde for "Changement de la structure de la base de données - glpi_entities" @ 2020-12-28 10:52:04 [@lab01]
26 secondes for "Changement de la structure de la base de données - glpi_entities" @ 2020-12-28 10:52:06 [@lab01]
2 secondes for "Changement de la structure de la base de données - glpi_items_softwareversions" @ 2020-12-28 10:52:08 [@lab01]
2 secondes for "Changement de la structure de la base de données - glpi_items_softwareversions" @ 2020-12-28 10:52:21 [@lab01]
13 secondes for "Changement de la structure de la base de données - glpi_items_softwarelicenses" @ 2020-12-28 10:52:21 [@lab01]
0 seconde for "Rename "AuthLdap" itemtype to "AuthLDAP" in all tables" @ 2020-12-28 10:52:21 [@lab01]
0 seconde for "Rename "Crontask" itemtype to "CronTask" in all tables" @ 2020-12-28 10:52:43 [@lab01]
22 secondes for "Rename "InfoCom" itemtype to "Infocom" in all tables" @ 2020-12-28 10:52:45 [@lab01]
2 secondes for "Changement de la structure de la base de données - glpi_documents_items" @ 2020-12-28 10:53:04 [@lab01]
19 secondes for "Ajout des index d'unicité - glpi_documents_items" @ 2020-12-28 10:53:14 [@lab01]
10 secondes for "Changement de la structure de la base de données - glpi_entities" @ 2020-12-28 10:53:18 [@lab01]
4 secondes for "Changement de la structure de la base de données - glpi_items_disks" @ 2020-12-28 10:53:21 [@lab01]
3 secondes for "Changement de la structure de la base de données - glpi_suppliers" @ 2020-12-28 10:53:28 [@lab01]
7 secondes for "Changement de la structure de la base de données - glpi_users" @ 2020-12-28 10:53:35 [@lab01]
7 secondes for "Changement de la structure de la base de données - glpi_softwarelicenses" @ 2020-12-28 10:53:39 [@lab01]
4 secondes for "Changement de la structure de la base de données - glpi_states" @ 2020-12-28 10:53:45 [@lab01]
6 secondes for "Changement de la structure de la base de données - glpi_itilcategories" @ 2020-12-28 10:53:46 [@lab01]
1 seconde for "Changement de la structure de la base de données - glpi_tickettemplatehiddenfields" @ 2020-12-28 10:53:47 [@lab01]
1 seconde for "Changement de la structure de la base de données - glpi_tickettemplatemandatoryfields" @ 2020-12-28 10:53:47 [@lab01]
0 seconde for "Changement de la structure de la base de données - glpi_tickettemplatepredefinedfields" @ 2020-12-28 10:53:51 [@lab01]
4 secondes for "Changement de la structure de la base de données - glpi_projects" @ 2020-12-28 10:53:56 [@lab01]
5 secondes for "Changement de la structure de la base de données - glpi_projecttasks" @ 2020-12-28 10:53:56 [@lab01]
0 seconde for "Ajout des index d'unicité - glpi_projecttasks" @ 2020-12-28 10:53:57 [@lab01]
1 seconde for "Changement de la structure de la base de données - glpi_items_softwarelicenses" @ 2020-12-28 10:54:01 [@lab01]
4 secondes for "Changement de la structure de la base de données - glpi_tickettasks" @ 2020-12-28 10:54:02 [@lab01]
1 seconde for "Ajout des index d'unicité - glpi_tickettasks" @ 2020-12-28 10:54:05 [@lab01]
3 secondes for "Changement de la structure de la base de données - glpi_profiles" @ 2020-12-28 10:54:09 [@lab01]
4 secondes for "Changement de la structure de la base de données - glpi_planningexternalevents" @ 2020-12-28 10:54:09 [@lab01]
0 seconde for "Ajout des index d'unicité - glpi_planningexternalevents" @ 2020-12-28 10:54:12 [@lab01]
3 secondes for "Changement de la structure de la base de données - glpi_reminders" @ 2020-12-28 10:54:13 [@lab01]
1 seconde for "Ajout des index d'unicité - glpi_reminders" @ 2020-12-28 10:54:17 [@lab01]
4 secondes for "Changement de la structure de la base de données - glpi_changetasks" @ 2020-12-28 10:54:18 [@lab01]
1 seconde for "Ajout des index d'unicité - glpi_changetasks" @ 2020-12-28 10:54:23 [@lab01]
5 secondes for "Changement de la structure de la base de données - glpi_problemtasks" @ 2020-12-28 10:54:23 [@lab01]
0 seconde for "Ajout des index d'unicité - glpi_problemtasks" @ 2020-12-28 10:54:26 [@lab01]
3 secondes for "Changement de la structure de la base de données - glpi_domains" @ 2020-12-28 10:54:33 [@lab01]
7 secondes for "Changement de la structure de la base de données - glpi_computers" @ 2020-12-28 10:54:38 [@lab01]
5 secondes for "Changement de la structure de la base de données - glpi_networkequipments" @ 2020-12-28 10:54:43 [@lab01]
5 secondes for "Changement de la structure de la base de données - glpi_printers" @ 2020-12-28 10:54:46 [@lab01]
3 secondes for "Changement de la structure de la base de données - glpi_domains_items" @ 2020-12-28 10:54:48 [@lab01]
2 secondes for "Changement de la structure de la base de données - glpi_impactitems" @ 2020-12-28 10:54:50 [@lab01]
2 secondes for "Changement de la structure de la base de données - glpi_mailcollectors" @ 2020-12-28 10:54:53 [@lab01]
3 secondes for "Changement de la structure de la base de données - glpi_contracts" @ 2020-12-28 10:54:53 [@lab01]
0 seconde for "Changement de la structure de la base de données - glpi_notifications" @ 2020-12-28 10:54:57 [@lab01]
4 secondes for "Changement de la structure de la base de données - glpi_items_devicesimcards" @ 2020-12-28 10:55:06 [@lab01]
9 secondes for "Ajout des index d'unicité - glpi_items_softwareversions" @ 2020-12-28 10:55:06 [@lab01]
0 seconde for "Valeur de configuration ajoutée pour timezone, devices_in_menu, impact_assets_list, default_dashboard_central, default_dashboard_assets, default_dashboard_helpdesk, default_dashboard_mini_ticket, ssologout_url, password_expiration_delay, password_expiration_notice, password_expiration_lock_delay, translate_reminders, impact_enabled_itemtypes, admin_email_noreply, admin_email_noreply_name, glpinetwork_registration_key (core)." @ 2020-12-28 10:55:06 [@lab01]
0 seconde for "Traitement terminé." @ 