2021-01-06 11:17:31 [2@lab01]
La notification navigateur 2 a été ajoutée à la file d'attente : Test notification
2021-01-06 11:17:54 [2@lab01]
La notification navigateur 2 a été ajoutée à la file d'attente : Test notification
2021-01-06 11:18:03 [2@lab01]
La notification navigateur 2 a été ajoutée à la file d'attente : Test notification
2021-01-06 11:18:16 [2@lab01]
La notification navigateur 2 a été ajoutée à la file d'attente : Test notification
2021-01-06 11:18:24 [2@lab01]
La notification navigateur 2 a été ajoutée à la file d'attente : Test notification
2021-01-06 11:18:28 [2@lab01]
La notification navigateur 2 a été ajoutée à la file d'attente : Test notification
2021-01-06 11:20:41 [2@lab01]
La notification navigateur 2 a été ajoutée à la file d'attente : Test notification
2021-01-06 11:45:04 [2@lab01]
La notification navigateur 2 a été ajoutée à la file d'attente : Test notification
2021-01-06 12:52:18 [2@lab01]
La notification navigateur 2 a été ajoutée à la file d'attente : Test notification
2021-01-11 08:39:14 [2@lab01]
La notification navigateur 2 a été ajoutée à la file d'attente : Test notification
2021-01-11 08:39:22 [2@lab01]
La notification navigateur 2 a été ajoutée à la file d'attente : Test notification
2021-01-15 08:57:07 [2@lab01]
La notification navigateur 2 a été ajoutée à la file d'attente : Test notification
2021-01-25 17:18:22 [2@lab01]
La notification navigateur 2 a été ajoutée à la file d'attente : Test notification
2021-01-25 17:18:52 [2@lab01]
La notification navigateur 2 a été ajoutée à la file d'attente : Test notification
2021-02-18 09:30:00 [2@lab01]
La notification navigateur 2 a été ajoutée à la file d'attente : Test notification
2021-02-18 09:30:09 [2@lab01]
La notification navigateur 2 a été ajoutée à la file d'attente : Test notification
2021-02-18 09:30:25 [2@lab01]
La notification navigateur 2 a été ajoutée à la file d'attente : Test notification
2021-02-23 12:41:27 [2@lab01]
La notification navigateur 2 a été ajoutée à la file d'attente : Test notification
2021-02-23 12:53:28 [73@lab01]
La notification navigateur 2 a été ajoutée à la file d'attente : [GLPI #0000068] Nouveau ticket Test de Notifications
2021-02-23 12:53:28 [73@lab01]
La notification navigateur 47 a été ajoutée à la file d'attente : [GLPI #0000068] Nouveau ticket Test de Notifications
2021-02-23 12:53:28 [73@lab01]
La notification navigateur 6 a été ajoutée à la file d'attente : [GLPI #0000068] Nouveau ticket Test de Notifications
2021-02-23 12:58:00 [73@lab01]
La notification navigateur 2 a été ajoutée à la file d'attente : [GLPI #0000069] Nouveau ticket Notification Mail
2021-02-23 12:58:00 [73@lab01]
La notification navigateur 47 a été ajoutée à la file d'attente : [GLPI #0000069] Nouveau ticket Notification Mail
2021-02-23 12:58:00 [73@lab01]
La notification navigateur 6 a été ajoutée à la file d'attente : [GLPI #0000069] Nouveau ticket Notification Mail
2021-02-24 08:54:14 [27@lab01]
La notification navigateur 2 a été ajoutée à la file d'attente : [GLPI #0000070] Nouveau ticket pas d'accès au dossier commun compta et a path finance
2021-02-24 08:54:15 [27@lab01]
La notification navigateur 47 a été ajoutée à la file d'attente : [GLPI #0000070] Nouveau ticket pas d'accès au dossier commun compta et a path finance
2021-02-24 08:54:15 [27@lab01]
La notification navigateur 6 a été ajoutée à la file d'attente : [GLPI #0000070] Nouveau ticket pas d'accès au dossier commun compta et a path finance
2021-02-25 09:25:43 [27@lab01]
La notification navigateur 2 a été ajoutée à la file d'attente : [GLPI #0000071] Nouveau ticket Pas d'accès au dossier commun et a path finance
2021-02-25 09:25:43 [27@lab01]
La notification navigateur 47 a été ajoutée à la file d'attente : [GLPI #0000071] Nouveau ticket Pas d'accès au dossier commun et a path finance
2021-02-25 09:25:43 [27@lab01]
La notification navigateur 6 a été ajoutée à la file d'attente : [GLPI #0000071] Nouveau ticket Pas d'accès au dossier commun et a path finance
2021-02-26 08:13:33 [27@lab01]
La notification navigateur 2 a été ajoutée à la file d'attente : [GLPI #0000072] Nouveau ticket Non accès au dossier commun et a path finance comme tous les matins
2021-02-26 08:13:33 [27@lab01]
La notification navigateur 47 a été ajoutée à la file d'attente : [GLPI #0000072] Nouveau ticket Non accès au dossier commun et a path finance comme tous les matins
2021-02-26 08:13:33 [27@lab01]
La notification navigateur 6 a été ajoutée à la file d'attente : [GLPI #0000072] Nouveau ticket Non accès au dossier commun et a path finance comme tous les matins
2021-02-26 12:49:04 [2@lab01]
La notification navigateur 2 a été ajoutée à la file d'attente : [GLPI #0000073] Nouveau ticket Configuration RAID du Nouveau Serveur
2021-02-26 12:49:05 [2@lab01]
La notification navigateur 47 a été ajoutée à la file d'attente : [GLPI #0000073] Nouveau ticket Configuration RAID du Nouveau Serveur
2021-02-26 12:49:05 [2@lab01]
La notification navigateur 6 a été ajoutée à la file d'attente : [GLPI #0000073] Nouveau ticket Configuration RAID du Nouveau Serveur
2021-02-26 12:50:50 [2@lab01]
La notification navigateur 2 a été ajoutée à la file d'attente : [GLPI #0000074] Nouveau ticket Préparation de la Machine de Magatte NIANG 
2021-02-26 12:50:50 [2@lab01]
La notification navigateur 47 a été ajoutée à la file d'attente : [GLPI #0000074] Nouveau ticket Préparation de la Machine de Magatte NIANG 
2021-02-26 12:50:50 [2@lab01]
La notification navigateur 6 a été ajoutée à la file d'attente : [GLPI #0000074] Nouveau ticket Préparation de la Machine de Magatte NIANG 
2021-02-26 12:52:14 [2@lab01]
La notification navigateur 2 a été ajoutée à la file d'attente : [GLPI #0000075] Nouveau ticket Prepartion de la Tele de Projection de la salle saisie
2021-02-26 12:52:15 [2@lab01]
La notification navigateur 47 a été ajoutée à la file d'attente : [GLPI #0000075] Nouveau ticket Prepartion de la Tele de Projection de la salle saisie
2021-02-26 12:52:15 [2@lab01]
La notification navigateur 6 a été ajoutée à la file d'attente : [GLPI #0000075] Nouveau ticket Prepartion de la Tele de Projection de la salle saisie
2021-02-26 12:54:09 [2@lab01]
La notification navigateur 2 a été ajoutée à la file d'attente : [GLPI #0000076] Nouveau ticket Preparation de la Machine de M. Ousseynou NDAW FALL
2021-02-26 12:54:09 [2@lab01]
La notification navigateur 47 a été ajoutée à la file d'attente : [GLPI #0000076] Nouveau ticket Preparation de la Machine de M. Ousseynou NDAW FALL
2021-02-26 12:54:09 [2@lab01]
La notification navigateur 6 a été ajoutée à la file d'attente : [GLPI #0000076] Nouveau ticket Preparation de la Machine de M. Ousseynou NDAW FALL
2021-02-26 12:55:05 [2@lab01]
La notification navigateur 2 a été ajoutée à la file d'attente : [GLPI #0000077] Nouveau ticket Changement du telephone de Mme SOW
2021-02-26 12:55:05 [2@lab01]
La notification navigateur 47 a été ajoutée à la file d'attente : [GLPI #0000077] Nouveau ticket Changement du telephone de Mme SOW
2021-02-26 12:55:05 [2@lab01]
La notification navigateur 6 a été ajoutée à la file d'attente : [GLPI #0000077] Nouveau ticket Changement du telephone de Mme SOW
2021-02-26 13:54:05 [71@lab01]
La notification navigateur 2 a été ajoutée à la file d'attente : [GLPI #0000078] Nouveau ticket Erreur sur Excel
2021-02-26 13:54:05 [71@lab01]
La notification navigateur 47 a été ajoutée à la file d'attente : [GLPI #0000078] Nouveau ticket Erreur sur Excel
2021-02-26 13:54:06 [71@lab01]
La notification navigateur 6 a été ajoutée à la file d'attente : [GLPI #0000078] Nouveau ticket Erreur sur Excel
2021-02-26 18:33:47 [57@lab01]
La notification navigateur 2 a été ajoutée à la file d'attente : [GLPI #0000079] Nouveau ticket Rajout Article sur D00MSE
2021-02-26 18:33:47 [57@lab01]
La notification navigateur 47 a été ajoutée à la file d'attente : [GLPI #0000079] Nouveau ticket Rajout Article sur D00MSE
2021-02-26 18:33:47 [57@lab01]
La notification navigateur 6 a été ajoutée à la file d'attente : [GLPI #0000079] Nouveau ticket Rajout Article sur D00MSE
2021-03-01 09:02:53 [27@lab01]
La notification navigateur 2 a été ajoutée à la file d'attente : [GLPI #0000080] Nouveau ticket Comme tous les jours pas accès au dossier commun et path finance
2021-03-01 09:02:54 [27@lab01]
La notification navigateur 47 a été ajoutée à la file d'attente : [GLPI #0000080] Nouveau ticket Comme tous les jours pas accès au dossier commun et path finance
2021-03-01 09:02:54 [27@lab01]
La notification navigateur 6 a été ajoutée à la file d'attente : [GLPI #0000080] Nouveau ticket Comme tous les jours pas accès au dossier commun et path finance
2021-03-01 10:32:04 [28@lab01]
La notification navigateur 2 a été ajoutée à la file d'attente : [GLPI #0000081] Nouveau ticket Réactivation
2021-03-01 10:32:04 [28@lab01]
La notification navigateur 47 a été ajoutée à la file d'attente : [GLPI #0000081] Nouveau ticket Réactivation
2021-03-01 10:32:04 [28@lab01]
La notification navigateur 6 a été ajoutée à la file d'attente : [GLPI #0000081] Nouveau ticket Réactivation
2021-03-01 13:04:39 [26@lab01]
La notification navigateur 2 a été ajoutée à la file d'attente : [GLPI #0000082] Nouveau ticket Revu fichier avarie remboursable
2021-03-01 13:04:39 [26@lab01]
La notification navigateur 47 a été ajoutée à la file d'attente : [GLPI #0000082] Nouveau ticket Revu fichier avarie remboursable
2021-03-01 13:04:39 [26@lab01]
La notification navigateur 6 a été ajoutée à la file d'attente : [GLPI #0000082] Nouveau ticket Revu fichier avarie remboursable
2021-03-01 13:20:16 [53@lab01]
La notification navigateur 2 a été ajoutée à la file d'attente : [GLPI #0000083] Nouveau ticket profil As400 écran central désactivé ID expoda MDF oda1aexp  Merci pou
2021-03-01 13:20:16 [53@lab01]
La notification navigateur 47 a été ajoutée à la file d'attente : [GLPI #0000083] Nouveau ticket profil As400 écran central désactivé ID expoda MDF oda1aexp  Merci pou
2021-03-01 13:20:16 [53@lab01]
La notification navigateur 6 a été ajoutée à la file d'attente : [GLPI #0000083] Nouveau ticket profil As400 écran central désactivé ID expoda MDF oda1aexp  Merci pou
2021-03-01 16:13:29 [72@lab01]
La notification navigateur 2 a été ajoutée à la file d'attente : [GLPI #0000084] Nouveau ticket Lien de AS400 vers les fichiers sur commun pour actualiser les donnés 
2021-03-01 16:13:30 [72@lab01]
La notification navigateur 47 a été ajoutée à la file d'attente : [GLPI #0000084] Nouveau ticket Lien de AS400 vers les fichiers sur commun pour actualiser les donnés 
2021-03-01 16:13:30 [72@lab01]
La notification navigateur 6 a été ajoutée à la file d'attente : [GLPI #0000084] Nouveau ticket Lien de AS400 vers les fichiers sur commun pour actualiser les donnés 
2021-03-01 16:28:37 [20@lab01]
La notification navigateur 2 a été ajoutée à la file d'attente : [GLPI #0000085] Nouveau ticket je voudrai avoir accés à l impression en couleur car j ' en ' ai besoi
2021-03-01 16:28:37 [20@lab01]
La notification navigateur 47 a été ajoutée à la file d'attente : [GLPI #0000085] Nouveau ticket je voudrai avoir accés à l impression en couleur car j ' en ' ai besoi
2021-03-01 16:28:38 [20@lab01]
La notification navigateur 6 a été ajoutée à la file d'attente : [GLPI #0000085] Nouveau ticket je voudrai avoir accés à l impression en couleur car j ' en ' ai besoi
2021-03-01 17:59:22 [2@lab01]
La notification navigateur 2 a été ajoutée à la file d'attente : Test notification
2021-03-02 08:45:35 [36@lab01]
La notification navigateur 2 a été ajoutée à la file d'attente : [GLPI #0000086] Nouveau ticket PROFIL DESACTIVE
2021-03-02 08:45:35 [36@lab01]
La notification navigateur 47 a été ajoutée à la file d'attente : [GLPI #0000086] Nouveau ticket PROFIL DESACTIVE
2021-03-02 08:45:35 [36@lab01]
La notification navigateur 6 a été ajoutée à la file d'attente : [GLPI #0000086] Nouveau ticket PROFIL DESACTIVE
2021-03-02 08:45:55 [27@lab01]
La notification navigateur 2 a été ajoutée à la file d'attente : [GLPI #0000087] Nouveau ticket Non accès dossier commun
2021-03-02 08:45:55 [27@lab01]
La notification navigateur 47 a été ajoutée à la file d'attente : [GLPI #0000087] Nouveau ticket Non accès dossier commun
2021-03-02 08:45:55 [27@lab01]
La notification navigateur 6 a été ajoutée à la file d'attente : [GLPI #0000087] Nouveau ticket Non accès dossier commun
2021-03-02 08:49:16 [43@lab01]
La notification navigateur 2 a été ajoutée à la file d'attente : [GLPI #0000088] Nouveau ticket PROBLEME D'ACCES AS400 INTERROGATION COMPTE
2021-03-02 08:49:16 [43@lab01]
La notification navigateur 47 a été ajoutée à la file d'attente : [GLPI #0000088] Nouveau ticket PROBLEME D'ACCES AS400 INTERROGATION COMPTE
2021-03-02 08:49:16 [43@lab01]
La notification navigateur 6 a été ajoutée à la file d'attente : [GLPI #0000088] Nouveau ticket PROBLEME D'ACCES AS400 INTERROGATION COMPTE
2021-03-02 11:57:02 [63@lab01]
La notification navigateur 2 a été ajoutée à la file d'attente : [GLPI #0000089] Nouveau ticket Problème de scan
2021-03-02 11:57:02 [63@lab01]
La notification navigateur 47 a été ajoutée à la file d'attente : [GLPI #0000089] Nouveau ticket Problème de scan
2021-03-02 11:57:02 [63@lab01]
La notification navigateur 6 a été ajoutée à la file d'attente : [GLPI #0000089] Nouveau ticket Problème de scan
2021-03-02 15:00:02 [50@lab01]
La notification navigateur 2 a été ajoutée à la file d'attente : [GLPI #0000090] Nouveau ticket PROBLEME D'IMPRESSION
2021-03-02 15:00:02 [50@lab01]
La notification navigateur 47 a été ajoutée à la file d'attente : [GLPI #0000090] Nouveau ticket PROBLEME D'IMPRESSION
2021-03-02 15:00:02 [50@lab01]
La notification navigateur 6 a été ajoutée à la file d'attente : [GLPI #0000090] Nouveau ticket PROBLEME D'IMPRESSION
2021-03-02 16:39:17 [43@lab01]
La notification navigateur 2 a été ajoutée à la file d'attente : [GLPI #0000091] Nouveau ticket ACCES AU DOSSIER COMMUN
2021-03-02 16:39:17 [43@lab01]
La notification navigateur 47 a été ajoutée à la file d'attente : [GLPI #0000091] Nouveau ticket ACCES AU DOSSIER COMMUN
2021-03-02 16:39:17 [43@lab01]
La notification navigateur 6 a été ajoutée à la file d'attente : [GLPI #0000091] Nouveau ticket ACCES AU DOSSIER COMMUN
2021-03-02 17:07:04 [72@lab01]
La notification navigateur 2 a été ajoutée à la file d'attente : [GLPI #0000092] Nouveau ticket 
2021-03-02 17:07:04 [72@lab01]
La notification navigateur 47 a été ajoutée à la file d'attente : [GLPI #0000092] Nouveau ticket 
2021-03-02 17:07:04 [72@lab01]
La notification navigateur 6 a été ajoutée à la file d'attente : [GLPI #0000092] Nouveau ticket 
2021-03-02 17:10:43 [72@lab01]
La notification navigateur 2 a été ajoutée à la file d'attente : [GLPI #0000093] Nouveau ticket Lien entre AS400 et les fichiers dans commun pour actualiser les donné
2021-03-02 17:10:44 [72@lab01]
La notification navigateur 47 a été ajoutée à la file d'attente : [GLPI #0000093] Nouveau ticket Lien entre AS400 et les fichiers dans commun pour actualiser les donné
2021-03-02 17:10:44 [72@lab01]
La notification navigateur 6 a été ajoutée à la file d'attente : [GLPI #0000093] Nouveau ticket Lien entre AS400 et les fichiers dans commun pour actualiser les donné
2021-03-02 17:10:56 [63@lab01]
La notification navigateur 2 a été ajoutée à la file d'attente : [GLPI #0000094] Nouveau ticket Problème de connexion aux imprimantes réseau
2021-03-02 17:10:56 [63@lab01]
La notification navigateur 47 a été ajoutée à la file d'attente : [GLPI #0000094] Nouveau ticket Problème de connexion aux imprimantes réseau
2021-03-02 17:10:56 [63@lab01]
La notification navigateur 6 a été ajoutée à la file d'attente : [GLPI #0000094] Nouveau ticket Problème de connexion aux imprimantes réseau
2021-03-03 08:53:47 [12@lab01]
La notification navigateur 2 a été ajoutée à la file d'attente : [GLPI #0000095] Nouveau ticket as400
2021-03-03 08:53:47 [12@lab01]
La notification navigateur 47 a été ajoutée à la file d'attente : [GLPI #0000095] Nouveau ticket as400
2021-03-03 08:53:47 [12@lab01]
La notification navigateur 6 a été ajoutée à la file d'attente : [GLPI #0000095] Nouveau ticket as400
2021-03-03 09:02:32 [27@lab01]
La notification navigateur 2 a été ajoutée à la file d'attente : [GLPI #0000096] Nouveau ticket comme d'ab : accèes dossier commun et path finance
2021-03-03 09:02:32 [27@lab01]
La notification navigateur 47 a été ajoutée à la file d'attente : [GLPI #0000096] Nouveau ticket comme d'ab : accèes dossier commun et path finance
2021-03-03 09:02:33 [27@lab01]
La notification navigateur 6 a été ajoutée à la file d'attente : [GLPI #0000096] Nouveau ticket comme d'ab : accèes dossier commun et path finance
2021-03-03 09:17:00 [43@lab01]
La notification navigateur 2 a été ajoutée à la file d'attente : [GLPI #0000097] Nouveau ticket PROBLEME D'ACCES AS400  SESSION B C00SNEB.WS
2021-03-03 09:17:00 [43@lab01]
La notification navigateur 47 a été ajoutée à la file d'attente : [GLPI #0000097] Nouveau ticket PROBLEME D'ACCES AS400  SESSION B C00SNEB.WS
2021-03-03 09:17:00 [43@lab01]
La notification navigateur 6 a été ajoutée à la file d'attente : [GLPI #0000097] Nouveau ticket PROBLEME D'ACCES AS400  SESSION B C00SNEB.WS
2021-03-03 09:42:42 [24@lab01]
La notification navigateur 2 a été ajoutée à la file d'attente : [GLPI #0000098] Nouveau ticket pdf
2021-03-03 09:42:42 [24@lab01]
La notification navigateur 47 a été ajoutée à la file d'attente : [GLPI #0000098] Nouveau ticket pdf
2021-03-03 09:42:42 [24@lab01]
La notification navigateur 6 a été ajoutée à la file d'attente : [GLPI #0000098] Nouveau ticket pdf
2021-03-03 11:36:12 [69@lab01]
La notification navigateur 2 a été ajoutée à la file d'attente : [GLPI #0000099] Nouveau ticket mot de passe d'désactivé
2021-03-03 11:36:13 [69@lab01]
La notification navigateur 47 a été ajoutée à la file d'attente : [GLPI #0000099] Nouveau ticket mot de passe d'désactivé
2021-03-03 11:36:13 [69@lab01]
La notification navigateur 6 a été ajoutée à la file d'attente : [GLPI #0000099] Nouveau ticket mot de passe d'désactivé
2021-03-04 07:46:35 [35@lab01]
La notification navigateur 2 a été ajoutée à la file d'attente : [GLPI #0000100] Nouveau ticket Bonjour, Pour rappel j'arrive toujours pas a avoir accès aux suivis MS
2021-03-04 07:46:35 [35@lab01]
La notification navigateur 47 a été ajoutée à la file d'attente : [GLPI #0000100] Nouveau ticket Bonjour, Pour rappel j'arrive toujours pas a avoir accès aux suivis MS
2021-03-04 07:46:35 [35@lab01]
La notification navigateur 6 a été ajoutée à la file d'attente : [GLPI #0000100] Nouveau ticket Bonjour, Pour rappel j'arrive toujours pas a avoir accès aux suivis MS
2021-03-04 08:15:55 [27@lab01]
La notification navigateur 2 a été ajoutée à la file d'attente : [GLPI #0000101] Nouveau ticket Dossier commun
2021-03-04 08:15:55 [27@lab01]
La notification navigateur 47 a été ajoutée à la file d'attente : [GLPI #0000101] Nouveau ticket Dossier commun
2021-03-04 08:15:55 [27@lab01]
La notification navigateur 6 a été ajoutée à la file d'attente : [GLPI #0000101] Nouveau ticket Dossier commun
2021-03-04 08:43:54 [2@lab01]
La notification navigateur 2 a été ajoutée à la file d'attente : Test notification
2021-03-04 14:17:38 [71@lab01]
La notification navigateur 2 a été ajoutée à la file d'attente : [GLPI #0000102] Nouveau ticket Identifiant IBP
2021-03-04 14:17:38 [71@lab01]
La notification navigateur 47 a été ajoutée à la file d'attente : [GLPI #0000102] Nouveau ticket Identifiant IBP
2021-03-04 14:17:38 [71@lab01]
La notification navigateur 6 a été ajoutée à la file d'attente : [GLPI #0000102] Nouveau ticket Identifiant IBP
2021-03-10 09:03:57 [32@lab01]
La notification navigateur 2 a été ajoutée à la file d'attente : [GLPI #0000103] Nouveau ticket Accès dossier commun
2021-03-10 09:03:57 [32@lab01]
La notification navigateur 47 a été ajoutée à la file d'attente : [GLPI #0000103] Nouveau ticket Accès dossier commun
2021-03-10 09:03:57 [32@lab01]
La notification navigateur 6 a été ajoutée à la file d'attente : [GLPI #0000103] Nouveau ticket Accès dossier commun
2021-03-10 09:38:53 [24@lab01]
La notification navigateur 2 a été ajoutée à la file d'attente : [GLPI #0000104] Nouveau ticket problème d'accès au dossier commun
2021-03-10 09:38:54 [24@lab01]
La notification navigateur 47 a été ajoutée à la file d'attente : [GLPI #0000104] Nouveau ticket problème d'accès au dossier commun
2021-03-10 09:38:54 [24@lab01]
La notification navigateur 6 a été ajoutée à la file d'attente : [GLPI #0000104] Nouveau ticket problème d'accès au dossier commun
2021-03-10 10:02:12 [32@lab01]
La notification navigateur 2 a été ajoutée à la file d'attente : [GLPI #0000105] Nouveau ticket Bonjour j'ai un problème de saisie, merci de votre assistance
2021-03-10 10:02:12 [32@lab01]
La notification navigateur 47 a été ajoutée à la file d'attente : [GLPI #0000105] Nouveau ticket Bonjour j'ai un problème de saisie, merci de votre assistance
2021-03-10 10:02:12 [32@lab01]
La notification navigateur 6 a été ajoutée à la file d'attente : [GLPI #0000105] Nouveau ticket Bonjour j'ai un problème de saisie, merci de votre assistance
2021-03-10 18:14:19 [53@lab01]
La notification navigateur 2 a été ajoutée à la file d'attente : [GLPI #0000106] Nouveau ticket Le matricule 611 du chauffeur livreur Eric Alain Diandy en CDD n'est p
2021-03-10 18:14:19 [53@lab01]
La notification navigateur 47 a été ajoutée à la file d'attente : [GLPI #0000106] Nouveau ticket Le matricule 611 du chauffeur livreur Eric Alain Diandy en CDD n'est p
2021-03-10 18:14:19 [53@lab01]
La notification navigateur 6 a été ajoutée à la file d'attente : [GLPI #0000106] Nouveau ticket Le matricule 611 du chauffeur livreur Eric Alain Diandy en CDD n'est p
2021-03-11 07:45:07 [32@lab01]
La notification navigateur 2 a été ajoutée à la file d'attente : [GLPI #0000107] Nouveau ticket 
2021-03-11 07:45:07 [32@lab01]
La notification navigateur 47 a été ajoutée à la file d'attente : [GLPI #0000107] Nouveau ticket 
2021-03-11 07:45:07 [32@lab01]
La notification navigateur 6 a été ajoutée à la file d'attente : [GLPI #0000107] Nouveau ticket 
2021-03-11 10:21:46 [12@lab01]
La notification navigateur 2 a été ajoutée à la file d'attente : [GLPI #0000111] Nouveau ticket scan document 
2021-03-11 10:21:46 [12@lab01]
La notification navigateur 47 a été ajoutée à la file d'attente : [GLPI #0000111] Nouveau ticket scan document 
2021-03-11 10:21:46 [12@lab01]
La notification navigateur 6 a été ajoutée à la file d'attente : [GLPI #0000111] Nouveau ticket scan document 
2021-03-11 10:55:22 [72@lab01]
La notification navigateur 2 a été ajoutée à la file d'attente : [GLPI #0000112] Nouveau ticket Je souhaite avoir l'accés au VTE18 pour suivre les ventes
2021-03-11 10:55:22 [72@lab01]
La notification navigateur 47 a été ajoutée à la file d'attente : [GLPI #0000112] Nouveau ticket Je souhaite avoir l'accés au VTE18 pour suivre les ventes
2021-03-11 10:55:22 [72@lab01]
La notification navigateur 6 a été ajoutée à la file d'attente : [GLPI #0000112] Nouveau ticket Je souhaite avoir l'accés au VTE18 pour suivre les ventes
2021-03-11 10:55:52 [72@lab01]
La notification navigateur 2 a été ajoutée à la file d'attente : [GLPI #0000113] Nouveau ticket Je n'ai plus accés au fichier commun
2021-03-11 10:55:52 [72@lab01]
La notification navigateur 47 a été ajoutée à la file d'attente : [GLPI #0000113] Nouveau ticket Je n'ai plus accés au fichier commun
2021-03-11 10:55:52 [72@lab01]
La notification navigateur 6 a été ajoutée à la file d'attente : [GLPI #0000113] Nouveau ticket Je n'ai plus accés au fichier commun
2021-03-11 13:22:04 [35@lab01]
La notification navigateur 2 a été ajoutée à la file d'attente : [GLPI #0000114] Nouveau ticket Bonjour , Je n'arrive pas à accéder a l'AS400 Merci   Bien cordialemen
2021-03-11 13:22:04 [35@lab01]
La notification navigateur 47 a été ajoutée à la file d'attente : [GLPI #0000114] Nouveau ticket Bonjour , Je n'arrive pas à accéder a l'AS400 Merci   Bien cordialemen
2021-03-11 13:22:04 [35@lab01]
La notification navigateur 6 a été ajoutée à la file d'attente : [GLPI #0000114] Nouveau ticket Bonjour , Je n'arrive pas à accéder a l'AS400 Merci   Bien cordialemen
2021-03-12 07:39:15 [35@lab01]
La notification navigateur 2 a été ajoutée à la file d'attente : [GLPI #0000115] Nouveau ticket Bonjour, Pour rappel ! J'arrive pas a avoir accès à l' AS400 . Merci  
2021-03-12 07:39:15 [35@lab01]
La notification navigateur 47 a été ajoutée à la file d'attente : [GLPI #0000115] Nouveau ticket Bonjour, Pour rappel ! J'arrive pas a avoir accès à l' AS400 . Merci  
2021-03-12 07:39:15 [35@lab01]
La notification navigateur 6 a été ajoutée à la file d'attente : [GLPI #0000115] Nouveau ticket Bonjour, Pour rappel ! J'arrive pas a avoir accès à l' AS400 . Merci  
2021-03-12 07:42:41 [32@lab01]
La notification navigateur 2 a été ajoutée à la file d'attente : [GLPI #0000116] Nouveau ticket Bonjour je n'arrive pas à accéder aux dossiers commun
2021-03-12 07:42:41 [32@lab01]
La notification navigateur 47 a été ajoutée à la file d'attente : [GLPI #0000116] Nouveau ticket Bonjour je n'arrive pas à accéder aux dossiers commun
2021-03-12 07:42:42 [32@lab01]
La notification navigateur 6 a été ajoutée à la file d'attente : [GLPI #0000116] Nouveau ticket Bonjour je n'arrive pas à accéder aux dossiers commun
2021-03-12 09:17:54 [27@lab01]
La notification navigateur 2 a été ajoutée à la file d'attente : [GLPI #0000117] Nouveau ticket Non accès au dossier commun
2021-03-12 09:17:54 [27@lab01]
La notification navigateur 47 a été ajoutée à la file d'attente : [GLPI #0000117] Nouveau ticket Non accès au dossier commun
2021-03-12 09:17:54 [27@lab01]
La notification navigateur 6 a été ajoutée à la file d'attente : [GLPI #0000117] Nouveau ticket Non accès au dossier commun
2021-03-12 12:00:25 [32@lab01]
La notification navigateur 2 a été ajoutée à la file d'attente : [GLPI #0000118] Nouveau ticket Bonjour j'ai un problème d'accès aux dossiers commun
2021-03-12 12:00:25 [32@lab01]
La notification navigateur 47 a été ajoutée à la file d'attente : [GLPI #0000118] Nouveau ticket Bonjour j'ai un problème d'accès aux dossiers commun
2021-03-12 12:00:25 [32@lab01]
La notification navigateur 6 a été ajoutée à la file d'attente : [GLPI #0000118] Nouveau ticket Bonjour j'ai un problème d'accès aux dossiers commun
2021-03-12 15:10:22 [12@lab01]
La notification navigateur 2 a été ajoutée à la file d'attente : [GLPI #0000119] Nouveau ticket profit AS400 
2021-03-12 15:10:22 [12@lab01]
La notification navigateur 47 a été ajoutée à la file d'attente : [GLPI #0000119] Nouveau ticket profit AS400 
2021-03-12 15:10:23 [12@lab01]
La notification navigateur 6 a été ajoutée à la file d'attente : [GLPI #0000119] Nouveau ticket profit AS400 
2021-03-15 07:44:16 [32@lab01]
La notification navigateur 2 a été ajoutée à la file d'attente : [GLPI #0000120] Nouveau ticket Bonjour je n'arrive à accéder aux dossiers commun
2021-03-15 07:44:16 [32@lab01]
La notification navigateur 47 a été ajoutée à la file d'attente : [GLPI #0000120] Nouveau ticket Bonjour je n'arrive à accéder aux dossiers commun
2021-03-15 07:44:16 [32@lab01]
La notification navigateur 6 a été ajoutée à la file d'attente : [GLPI #0000120] Nouveau ticket Bonjour je n'arrive à accéder aux dossiers commun
2021-03-15 08:28:58 [27@lab01]
La notification navigateur 2 a été ajoutée à la file d'attente : [GLPI #0000121] Nouveau ticket accès dossier commun
2021-03-15 08:28:59 [27@lab01]
La notification navigateur 47 a été ajoutée à la file d'attente : [GLPI #0000121] Nouveau ticket accès dossier commun
2021-03-15 08:28:59 [27@lab01]
La notification navigateur 6 a été ajoutée à la file d'attente : [GLPI #0000121] Nouveau ticket accès dossier commun
2021-03-15 08:54:55 [32@lab01]
La notification navigateur 2 a été ajoutée à la file d'attente : [GLPI #0000122] Nouveau ticket Bonjour j'ai un problème d'impression
2021-03-15 08:54:55 [32@lab01]
La notification navigateur 47 a été ajoutée à la file d'attente : [GLPI #0000122] Nouveau ticket Bonjour j'ai un problème d'impression
2021-03-15 08:54:55 [32@lab01]
La notification navigateur 6 a été ajoutée à la file d'attente : [GLPI #0000122] Nouveau ticket Bonjour j'ai un problème d'impression
2021-03-15 13:04:53 [72@lab01]
La notification navigateur 2 a été ajoutée à la file d'attente : [GLPI #0000123] Nouveau ticket Le fichier commun n'est pas disponible
2021-03-15 13:04:53 [72@lab01]
La notification navigateur 47 a été ajoutée à la file d'attente : [GLPI #0000123] Nouveau ticket Le fichier commun n'est pas disponible
2021-03-15 13:04:53 [72@lab01]
La notification navigateur 6 a été ajoutée à la file d'attente : [GLPI #0000123] Nouveau ticket Le fichier commun n'est pas disponible
2021-03-15 13:06:52 [72@lab01]
La notification navigateur 2 a été ajoutée à la file d'attente : [GLPI #0000124] Nouveau ticket Merci de voir avec global pour accés sur le quai d'expédition Merci de
2021-03-15 13:06:53 [72@lab01]
La notification navigateur 47 a été ajoutée à la file d'attente : [GLPI #0000124] Nouveau ticket Merci de voir avec global pour accés sur le quai d'expédition Merci de
2021-03-15 13:06:53 [72@lab01]
La notification navigateur 6 a été ajoutée à la file d'attente : [GLPI #0000124] Nouveau ticket Merci de voir avec global pour accés sur le quai d'expédition Merci de
2021-03-16 08:19:35 [27@lab01]
La notification navigateur 2 a été ajoutée à la file d'attente : [GLPI #0000125] Nouveau ticket accès dossier commun
2021-03-16 08:19:35 [27@lab01]
La notification navigateur 47 a été ajoutée à la file d'attente : [GLPI #0000125] Nouveau ticket accès dossier commun
2021-03-16 08:19:35 [27@lab01]
La notification navigateur 6 a été ajoutée à la file d'attente : [GLPI #0000125] Nouveau ticket accès dossier commun
2021-03-16 09:25:15 [32@lab01]
La notification navigateur 2 a été ajoutée à la file d'attente : [GLPI #0000126] Nouveau ticket Problème accès dossiers commun
2021-03-16 09:25:16 [32@lab01]
La notification navigateur 47 a été ajoutée à la file d'attente : [GLPI #0000126] Nouveau ticket Problème accès dossiers commun
2021-03-16 09:25:16 [32@lab01]
La notification navigateur 6 a été ajoutée à la file d'attente : [GLPI #0000126] Nouveau ticket Problème accès dossiers commun
2021-03-16 14:00:37 [27@lab01]
La notification navigateur 2 a été ajoutée à la file d'attente : [GLPI #0000127] Nouveau ticket Problème avec path finance
2021-03-16 14:00:37 [27@lab01]
La notification navigateur 47 a été ajoutée à la file d'attente : [GLPI #0000127] Nouveau ticket Problème avec path finance
2021-03-16 14:00:37 [27@lab01]
La notification navigateur 6 a été ajoutée à la file d'attente : [GLPI #0000127] Nouveau ticket Problème avec path finance
2021-03-16 14:28:42 [72@lab01]
La notification navigateur 2 a été ajoutée à la file d'attente : [GLPI #0000128] Nouveau ticket Rajouter les accés pour les Queries avec l'option 3 Urgent
2021-03-16 14:28:42 [72@lab01]
La notification navigateur 47 a été ajoutée à la file d'attente : [GLPI #0000128] Nouveau ticket Rajouter les accés pour les Queries avec l'option 3 Urgent
2021-03-16 14:28:42 [72@lab01]
La notification navigateur 6 a été ajoutée à la file d'attente : [GLPI #0000128] Nouveau ticket Rajouter les accés pour les Queries avec l'option 3 Urgent
2021-03-16 14:30:25 [72@lab01]
La notification navigateur 2 a été ajoutée à la file d'attente : [GLPI #0000129] Nouveau ticket toujours pas accés au fichier commun
2021-03-16 14:30:25 [72@lab01]
La notification navigateur 47 a été ajoutée à la file d'attente : [GLPI #0000129] Nouveau ticket toujours pas accés au fichier commun
2021-03-16 14:30:25 [72@lab01]
La notification navigateur 6 a été ajoutée à la file d'attente : [GLPI #0000129] Nouveau ticket toujours pas accés au fichier commun
2021-03-17 08:34:58 [63@lab01]
La notification navigateur 2 a été ajoutée à la file d'attente : [GLPI #0000130] Nouveau ticket Indisponibilité du système
2021-03-17 08:34:58 [63@lab01]
La notification navigateur 47 a été ajoutée à la file d'attente : [GLPI #0000130] Nouveau ticket Indisponibilité du système
2021-03-17 08:34:58 [63@lab01]
La notification navigateur 6 a été ajoutée à la file d'attente : [GLPI #0000130] Nouveau ticket Indisponibilité du système
2021-03-17 08:59:55 [27@lab01]
La notification navigateur 2 a été ajoutée à la file d'attente : [GLPI #0000131] Nouveau ticket accès dossier commun et path finance
2021-03-17 08:59:55 [27@lab01]
La notification navigateur 47 a été ajoutée à la file d'attente : [GLPI #0000131] Nouveau ticket accès dossier commun et path finance
2021-03-17 08:59:55 [27@lab01]
La notification navigateur 6 a été ajoutée à la file d'attente : [GLPI #0000131] Nouveau ticket accès dossier commun et path finance
2021-03-17 09:39:07 [2@lab01]
La notification navigateur 2 a été ajoutée à la file d'attente : [GLPI #0000132] Nouveau ticket 
2021-03-17 09:39:07 [2@lab01]
La notification navigateur 47 a été ajoutée à la file d'attente : [GLPI #0000132] Nouveau ticket 
2021-03-17 09:39:07 [2@lab01]
La notification navigateur 6 a été ajoutée à la file d'attente : [GLPI #0000132] Nouveau ticket 
2021-03-19 09:21:27 [32@lab01]
La notification navigateur 2 a été ajoutée à la file d'attente : [GLPI #0000133] Nouveau ticket Bonjour problème accès dossier commun
2021-03-19 09:21:27 [32@lab01]
La notification navigateur 47 a été ajoutée à la file d'attente : [GLPI #0000133] Nouveau ticket Bonjour problème accès dossier commun
2021-03-19 09:21:27 [32@lab01]
La notification navigateur 6 a été ajoutée à la file d'attente : [GLPI #0000133] Nouveau ticket Bonjour problème accès dossier commun
2021-03-19 14:49:09 [43@lab01]
La notification navigateur 2 a été ajoutée à la file d'attente : [GLPI #0000134] Nouveau ticket PROBLEME D'ACCES AS400 SESSION A C00SNEA.WS
2021-03-19 14:49:09 [43@lab01]
La notification navigateur 47 a été ajoutée à la file d'attente : [GLPI #0000134] Nouveau ticket PROBLEME D'ACCES AS400 SESSION A C00SNEA.WS
2021-03-19 14:49:09 [43@lab01]
La notification navigateur 6 a été ajoutée à la file d'attente : [GLPI #0000134] Nouveau ticket PROBLEME D'ACCES AS400 SESSION A C00SNEA.WS
2021-03-22 07:35:53 [32@lab01]
La notification navigateur 2 a été ajoutée à la file d'attente : [GLPI #0000135] Nouveau ticket Bonjour j'ai un problème d'accès aux dossiers commun
2021-03-22 07:35:53 [32@lab01]
La notification navigateur 47 a été ajoutée à la file d'attente : [GLPI #0000135] Nouveau ticket Bonjour j'ai un problème d'accès aux dossiers commun
2021-03-22 07:35:53 [32@lab01]
La notification navigateur 6 a été ajoutée à la file d'attente : [GLPI #0000135] Nouveau ticket Bonjour j'ai un problème d'accès aux dossiers commun
2021-03-22 09:13:07 [13@lab01]
La notification navigateur 2 a été ajoutée à la file d'attente : [GLPI #0000136] Nouveau ticket accès dossier commun hors visa 
2021-03-22 09:13:07 [13@lab01]
La notification navigateur 47 a été ajoutée à la file d'attente : [GLPI #0000136] Nouveau ticket accès dossier commun hors visa 
2021-03-22 09:13:07 [13@lab01]
La notification navigateur 6 a été ajoutée à la file d'attente : [GLPI #0000136] Nouveau ticket accès dossier commun hors visa 
2021-03-22 16:46:42 [2@lab01]
La notification navigateur 2 a été ajoutée à la file d'attente : [GLPI #0000137] Nouveau ticket 
2021-03-22 16:46:42 [2@lab01]
La notification navigateur 47 a été ajoutée à la file d'attente : [GLPI #0000137] Nouveau ticket 
2021-03-22 16:46:43 [2@lab01]
La notification navigateur 6 a été ajoutée à la file d'attente : [GLPI #0000137] Nouveau ticket 
2021-03-23 11:39:01 [29@lab01]
La notification navigateur 2 a été ajoutée à la file d'attente : [GLPI #0000138] Nouveau ticket FICHIER CA DF 2021
2021-03-23 11:39:01 [29@lab01]
La notification navigateur 47 a été ajoutée à la file d'attente : [GLPI #0000138] Nouveau ticket FICHIER CA DF 2021
2021-03-23 11:39:02 [29@lab01]
La notification navigateur 6 a été ajoutée à la file d'attente : [GLPI #0000138] Nouveau ticket FICHIER CA DF 2021
2021-03-23 12:03:59 [72@lab01]
La notification navigateur 2 a été ajoutée à la file d'attente : [GLPI #0000139] Nouveau ticket Toujours pas d'accés au fichier commun Djbril en attendant la licence 
2021-03-23 12:03:59 [72@lab01]
La notification navigateur 47 a été ajoutée à la file d'attente : [GLPI #0000139] Nouveau ticket Toujours pas d'accés au fichier commun Djbril en attendant la licence 
2021-03-23 12:03:59 [72@lab01]
La notification navigateur 6 a été ajoutée à la file d'attente : [GLPI #0000139] Nouveau ticket Toujours pas d'accés au fichier commun Djbril en attendant la licence 
2021-03-24 07:30:58 [35@lab01]
La notification navigateur 2 a été ajoutée à la file d'attente : [GLPI #0000140] Nouveau ticket Bonjour, Merci pour l'objet . cordialement!
2021-03-24 07:30:58 [35@lab01]
La notification navigateur 47 a été ajoutée à la file d'attente : [GLPI #0000140] Nouveau ticket Bonjour, Merci pour l'objet . cordialement!
2021-03-24 07:30:58 [35@lab01]
La notification navigateur 6 a été ajoutée à la file d'attente : [GLPI #0000140] Nouveau ticket Bonjour, Merci pour l'objet . cordialement!
2021-03-24 09:25:59 [72@lab01]
La notification navigateur 2 a été ajoutée à la file d'attente : [GLPI #0000141] Nouveau ticket Je n'ai toujours pas accés au AS400
2021-03-24 09:25:59 [72@lab01]
La notification navigateur 47 a été ajoutée à la file d'attente : [GLPI #0000141] Nouveau ticket Je n'ai toujours pas accés au AS400
2021-03-24 09:25:59 [72@lab01]
La notification navigateur 6 a été ajoutée à la file d'attente : [GLPI #0000141] Nouveau ticket Je n'ai toujours pas accés au AS400
2021-03-25 10:06:39 [13@lab01]
La notification navigateur 2 a été ajoutée à la file d'attente : [GLPI #0000142] Nouveau ticket LISTE HORS VISA LABOREX 
2021-03-25 10:06:39 [13@lab01]
La notification navigateur 47 a été ajoutée à la file d'attente : [GLPI #0000142] Nouveau ticket LISTE HORS VISA LABOREX 
2021-03-25 10:06:39 [13@lab01]
La notification navigateur 6 a été ajoutée à la file d'attente : [GLPI #0000142] Nouveau ticket LISTE HORS VISA LABOREX 
2021-03-25 10:22:23 [58@lab01]
La notification navigateur 2 a été ajoutée à la file d'attente : [GLPI #0000143] Nouveau ticket Accès dossier commun
2021-03-25 10:22:23 [58@lab01]
La notification navigateur 47 a été ajoutée à la file d'attente : [GLPI #0000143] Nouveau ticket Accès dossier commun
2021-03-25 10:22:23 [58@lab01]
La notification navigateur 6 a été ajoutée à la file d'attente : [GLPI #0000143] Nouveau ticket Accès dossier commun
2021-03-25 10:32:47 [47@lab01]
La notification navigateur 2 a été ajoutée à la file d'attente : [GLPI #0000144] Nouveau ticket 
2021-03-25 10:32:47 [47@lab01]
La notification navigateur 47 a été ajoutée à la file d'attente : [GLPI #0000144] Nouveau ticket 
2021-03-25 10:32:47 [47@lab01]
La notification navigateur 6 a été ajoutée à la file d'attente : [GLPI #0000144] Nouveau ticket 
2021-03-25 10:49:10 [29@lab01]
La notification navigateur 2 a été ajoutée à la file d'attente : [GLPI #0000145] Nouveau ticket CHIFFRE D'AFFAIRE PANACEA 2020 
2021-03-25 10:49:10 [29@lab01]
La notification navigateur 47 a été ajoutée à la file d'attente : [GLPI #0000145] Nouveau ticket CHIFFRE D'AFFAIRE PANACEA 2020 
2021-03-25 10:49:10 [29@lab01]
La notification navigateur 6 a été ajoutée à la file d'attente : [GLPI #0000145] Nouveau ticket CHIFFRE D'AFFAIRE PANACEA 2020 
2021-03-25 15:37:05 [26@lab01]
La notification navigateur 2 a été ajoutée à la file d'attente : [GLPI #0000146] Nouveau ticket Profil bloqué
2021-03-25 15:37:05 [26@lab01]
La notification navigateur 47 a été ajoutée à la file d'attente : [GLPI #0000146] Nouveau ticket Profil bloqué
2021-03-25 15:37:05 [26@lab01]
La notification navigateur 6 a été ajoutée à la file d'attente : [GLPI #0000146] Nouveau ticket Profil bloqué
2021-03-25 18:15:00 [2@lab01]
La notification navigateur 2 a été ajoutée à la file d'attente : [GLPI #0000147] Nouveau ticket 
2021-03-25 18:15:00 [2@lab01]
La notification navigateur 47 a été ajoutée à la file d'attente : [GLPI #0000147] Nouveau ticket 
2021-03-25 18:15:00 [2@lab01]
La notification navigateur 6 a été ajoutée à la file d'attente : [GLPI #0000147] Nouveau ticket 
2021-03-26 07:42:29 [32@lab01]
La notification navigateur 2 a été ajoutée à la file d'attente : [GLPI #0000148] Nouveau ticket Bonjour j'au un problème d'accès aux dossiers commun
2021-03-26 07:42:29 [32@lab01]
La notification navigateur 47 a été ajoutée à la file d'attente : [GLPI #0000148] Nouveau ticket Bonjour j'au un problème d'accès aux dossiers commun
2021-03-26 07:42:29 [32@lab01]
La notification navigateur 6 a été ajoutée à la file d'attente : [GLPI #0000148] Nouveau ticket Bonjour j'au un problème d'accès aux dossiers commun
2021-03-29 08:38:17 [32@lab01]
La notification navigateur 2 a été ajoutée à la file d'attente : [GLPI #0000149] Nouveau ticket Bonjour j'ai un problème de téléphone
2021-03-29 08:38:17 [32@lab01]
La notification navigateur 47 a été ajoutée à la file d'attente : [GLPI #0000149] Nouveau ticket Bonjour j'ai un problème de téléphone
2021-03-29 08:38:17 [32@lab01]
La notification navigateur 6 a été ajoutée à la file d'attente : [GLPI #0000149] Nouveau ticket Bonjour j'ai un problème de téléphone
2021-03-29 09:30:37 [58@lab01]
La notification navigateur 2 a été ajoutée à la file d'attente : [GLPI #0000150] Nouveau ticket Sokhna Aminata Mbacke
2021-03-29 09:30:37 [58@lab01]
La notification navigateur 47 a été ajoutée à la file d'attente : [GLPI #0000150] Nouveau ticket Sokhna Aminata Mbacke
2021-03-29 09:30:37 [58@lab01]
La notification navigateur 6 a été ajoutée à la file d'attente : [GLPI #0000150] Nouveau ticket Sokhna Aminata Mbacke
2021-03-29 11:42:57 [29@lab01]
La notification navigateur 2 a été ajoutée à la file d'attente : [GLPI #0000151] Nouveau ticket VENTES 2019 - 2020 CHC DES TOP PRODUITS DES TOP LABORATOIRES CHC 
2021-03-29 11:42:57 [29@lab01]
La notification navigateur 47 a été ajoutée à la file d'attente : [GLPI #0000151] Nouveau ticket VENTES 2019 - 2020 CHC DES TOP PRODUITS DES TOP LABORATOIRES CHC 
2021-03-29 11:42:57 [29@lab01]
La notification navigateur 6 a été ajoutée à la file d'attente : [GLPI #0000151] Nouveau ticket VENTES 2019 - 2020 CHC DES TOP PRODUITS DES TOP LABORATOIRES CHC 
2021-03-30 09:02:15 [58@lab01]
La notification navigateur 2 a été ajoutée à la file d'attente : [GLPI #0000152] Nouveau ticket Sokhna Aminata Mbacke
2021-03-30 09:02:16 [58@lab01]
La notification navigateur 47 a été ajoutée à la file d'attente : [GLPI #0000152] Nouveau ticket Sokhna Aminata Mbacke
2021-03-30 09:02:16 [58@lab01]
La notification navigateur 6 a été ajoutée à la file d'attente : [GLPI #0000152] Nouveau ticket Sokhna Aminata Mbacke
2021-03-30 10:42:24 [32@lab01]
La notification navigateur 2 a été ajoutée à la file d'attente : [GLPI #0000153] Nouveau ticket Bonjour j'ai un problème de téléphone
2021-03-30 10:42:24 [32@lab01]
La notification navigateur 47 a été ajoutée à la file d'attente : [GLPI #0000153] Nouveau ticket Bonjour j'ai un problème de téléphone
2021-03-30 10:42:24 [32@lab01]
La notification navigateur 6 a été ajoutée à la file d'attente : [GLPI #0000153] Nouveau ticket Bonjour j'ai un problème de téléphone
2021-03-30 15:21:56 [2@lab01]
La notification navigateur 2 a été ajoutée à la file d'attente : [GLPI #0000154] Nouveau ticket 
2021-03-30 15:21:56 [2@lab01]
La notification navigateur 47 a été ajoutée à la file d'attente : [GLPI #0000154] Nouveau ticket 
2021-03-30 15:21:57 [2@lab01]
La notification navigateur 6 a été ajoutée à la file d'attente : [GLPI #0000154] Nouveau ticket 
2021-04-02 08:56:40 [58@lab01]
La notification navigateur 2 a été ajoutée à la file d'attente : [GLPI #0000155] Nouveau ticket Sokhna Aminata Mbacke
2021-04-02 08:56:40 [58@lab01]
La notification navigateur 47 a été ajoutée à la file d'attente : [GLPI #0000155] Nouveau ticket Sokhna Aminata Mbacke
2021-04-02 08:56:40 [58@lab01]
La notification navigateur 6 a été ajoutée à la file d'attente : [GLPI #0000155] Nouveau ticket Sokhna Aminata Mbacke
2021-04-06 08:19:04 [58@lab01]
La notification navigateur 2 a été ajoutée à la file d'attente : [GLPI #0000156] Nouveau ticket Sokhna Aminata Mbacke
2021-04-06 08:19:04 [58@lab01]
La notification navigateur 47 a été ajoutée à la file d'attente : [GLPI #0000156] Nouveau ticket Sokhna Aminata Mbacke
2021-04-06 08:19:04 [58@lab01]
La notification navigateur 6 a été ajoutée à la file d'attente : [GLPI #0000156] Nouveau ticket Sokhna Aminata Mbacke
2021-04-06 09:10:38 [2@lab01]
La notification navigateur 2 a été ajoutée à la file d'attente : [GLPI #0000157] Nouveau ticket 
2021-04-06 09:10:38 [2@lab01]
La notification navigateur 47 a été ajoutée à la file d'attente : [GLPI #0000157] Nouveau ticket 
2021-04-06 09:10:38 [2@lab01]
La notification navigateur 6 a été ajoutée à la file d'attente : [GLPI #0000157] Nouveau ticket 
2021-04-07 10:23:19 [2@lab01]
La notification navigateur 2 a été ajoutée à la file d'attente : [GLPI #0000161] Nouveau ticket 
2021-04-07 10:23:19 [2@lab01]
La notification navigateur 47 a été ajoutée à la file d'attente : [GLPI #0000161] Nouveau ticket 
2021-04-07 10:23:19 [2@lab01]
La notification navigateur 6 a été ajoutée à la file d'attente : [GLPI #0000161] Nouveau ticket 
2021-04-07 10:32:19 [2@lab01]
La notification navigateur 2 a été ajoutée à la file d'attente : [GLPI #0000163] Nouveau ticket TOP VENTE / TOP BAISSE DF
2021-04-07 10:32:19 [2@lab01]
La notification navigateur 47 a été ajoutée à la file d'attente : [GLPI #0000163] Nouveau ticket TOP VENTE / TOP BAISSE DF
2021-04-07 10:32:19 [2@lab01]
La notification navigateur 6 a été ajoutée à la file d'attente : [GLPI #0000163] Nouveau ticket TOP VENTE / TOP BAISSE DF
2021-04-07 15:36:16 [69@lab01]
La notification navigateur 2 a été ajoutée à la file d'attente : [GLPI #0000164] Nouveau ticket profil désactivé
2021-04-07 15:36:17 [69@lab01]
La notification navigateur 47 a été ajoutée à la file d'attente : [GLPI #0000164] Nouveau ticket profil désactivé
2021-04-07 15:36:17 [69@lab01]
La notification navigateur 6 a été ajoutée à la file d'attente : [GLPI #0000164] Nouveau ticket profil désactivé
2021-04-07 15:45:00 [26@lab01]
La notification navigateur 2 a été ajoutée à la file d'attente : [GLPI #0000165] Nouveau ticket Profil bloqué
2021-04-07 15:45:00 [26@lab01]
La notification navigateur 47 a été ajoutée à la file d'attente : [GLPI #0000165] Nouveau ticket Profil bloqué
2021-04-07 15:45:01 [26@lab01]
La notification navigateur 6 a été ajoutée à la file d'attente : [GLPI #0000165] Nouveau ticket Profil bloqué
2021-04-07 17:02:09 [2@lab01]
La notification navigateur 2 a été ajoutée à la file d'attente : [GLPI #0000166] Nouveau ticket 
2021-04-07 17:02:09 [2@lab01]
La notification navigateur 47 a été ajoutée à la file d'attente : [GLPI #0000166] Nouveau ticket 
2021-04-07 17:02:09 [2@lab01]
La notification navigateur 6 a été ajoutée à la file d'attente : [GLPI #0000166] Nouveau ticket 
2021-04-08 09:29:25 [69@lab01]
La notification navigateur 2 a été ajoutée à la file d'attente : [GLPI #0000167] Nouveau ticket profil désactivé
2021-04-08 09:29:25 [69@lab01]
La notification navigateur 47 a été ajoutée à la file d'attente : [GLPI #0000167] Nouveau ticket profil désactivé
2021-04-08 09:29:25 [69@lab01]
La notification navigateur 6 a été ajoutée à la file d'attente : [GLPI #0000167] Nouveau ticket profil désactivé
2021-04-09 08:52:39 [58@lab01]
La notification navigateur 2 a été ajoutée à la file d'attente : [GLPI #0000168] Nouveau ticket Sokhna Aminata Mbacke
2021-04-09 08:52:39 [58@lab01]
La notification navigateur 47 a été ajoutée à la file d'attente : [GLPI #0000168] Nouveau ticket Sokhna Aminata Mbacke
2021-04-09 08:52:39 [58@lab01]
La notification navigateur 6 a été ajoutée à la file d'attente : [GLPI #0000168] Nouveau ticket Sokhna Aminata Mbacke
2021-04-09 10:20:19 [12@lab01]
La notification navigateur 2 a été ajoutée à la file d'attente : [GLPI #0000170] Nouveau ticket scan document
2021-04-09 10:20:19 [12@lab01]
La notification navigateur 47 a été ajoutée à la file d'attente : [GLPI #0000170] Nouveau ticket scan document
2021-04-09 10:20:19 [12@lab01]
La notification navigateur 6 a été ajoutée à la file d'attente : [GLPI #0000170] Nouveau ticket scan document
2021-04-09 10:31:54 [21@lab01]
La notification navigateur 2 a été ajoutée à la file d'attente : [GLPI #0000171] Nouveau ticket Extractions listing produits
2021-04-09 10:31:54 [21@lab01]
La notification navigateur 47 a été ajoutée à la file d'attente : [GLPI #0000171] Nouveau ticket Extractions listing produits
2021-04-09 10:31:54 [21@lab01]
La notification navigateur 6 a été ajoutée à la file d'attente : [GLPI #0000171] Nouveau ticket Extractions listing produits
2021-04-09 10:37:30 [2@lab01]
La notification navigateur 2 a été ajoutée à la file d'attente : [GLPI #0000172] Nouveau ticket 
2021-04-09 10:37:30 [2@lab01]
La notification navigateur 47 a été ajoutée à la file d'attente : [GLPI #0000172] Nouveau ticket 
2021-04-09 10:37:30 [2@lab01]
La notification navigateur 6 a été ajoutée à la file d'attente : [GLPI #0000172] Nouveau ticket 
2021-04-09 13:24:13 [72@lab01]
La notification navigateur 2 a été ajoutée à la file d'attente : [GLPI #0000174] Nouveau ticket AS 400 se ferme dés que je tape la touche F3
2021-04-09 13:24:13 [72@lab01]
La notification navigateur 47 a été ajoutée à la file d'attente : [GLPI #0000174] Nouveau ticket AS 400 se ferme dés que je tape la touche F3
2021-04-09 13:24:14 [72@lab01]
La notification navigateur 6 a été ajoutée à la file d'attente : [GLPI #0000174] Nouveau ticket AS 400 se ferme dés que je tape la touche F3
2021-04-12 09:24:25 [58@lab01]
La notification navigateur 2 a été ajoutée à la file d'attente : [GLPI #0000175] Nouveau ticket Sokhna Aminata Mbacke
2021-04-12 09:24:25 [58@lab01]
La notification navigateur 47 a été ajoutée à la file d'attente : [GLPI #0000175] Nouveau ticket Sokhna Aminata Mbacke
2021-04-12 09:24:25 [58@lab01]
La notification navigateur 6 a été ajoutée à la file d'attente : [GLPI #0000175] Nouveau ticket Sokhna Aminata Mbacke
2021-04-12 10:00:51 [26@lab01]
La notification navigateur 2 a été ajoutée à la file d'attente : [GLPI #0000177] Nouveau ticket Mise à jour dossier commun
2021-04-12 10:00:51 [26@lab01]
La notification navigateur 47 a été ajoutée à la file d'attente : [GLPI #0000177] Nouveau ticket Mise à jour dossier commun
2021-04-12 10:00:51 [26@lab01]
La notification navigateur 6 a été ajoutée à la file d'attente : [GLPI #0000177] Nouveau ticket Mise à jour dossier commun
2021-04-12 10:12:26 [42@lab01]
La notification navigateur 2 a été ajoutée à la file d'attente : [GLPI #0000178] Nouveau ticket Bonjour, Merci de créer une session Anael sur le PC portable de Abdoul
2021-04-12 10:12:26 [42@lab01]
La notification navigateur 47 a été ajoutée à la file d'attente : [GLPI #0000178] Nouveau ticket Bonjour, Merci de créer une session Anael sur le PC portable de Abdoul
2021-04-12 10:12:26 [42@lab01]
La notification navigateur 6 a été ajoutée à la file d'attente : [GLPI #0000178] Nouveau ticket Bonjour, Merci de créer une session Anael sur le PC portable de Abdoul
2021-04-13 08:28:04 [58@lab01]
La notification navigateur 2 a été ajoutée à la file d'attente : [GLPI #0000179] Nouveau ticket Sokhna Aminata Mbacke
2021-04-13 08:28:04 [58@lab01]
La notification navigateur 47 a été ajoutée à la file d'attente : [GLPI #0000179] Nouveau ticket Sokhna Aminata Mbacke
2021-04-13 08:28:04 [58@lab01]
La notification navigateur 6 a été ajoutée à la file d'attente : [GLPI #0000179] Nouveau ticket Sokhna Aminata Mbacke
2021-04-14 08:56:25 [31@lab01]
La notification navigateur 2 a été ajoutée à la file d'attente : [GLPI #0000181] Nouveau ticket Tableau suivi indicateur
2021-04-14 08:56:25 [31@lab01]
La notification navigateur 47 a été ajoutée à la file d'attente : [GLPI #0000181] Nouveau ticket Tableau suivi indicateur
2021-04-14 08:56:26 [31@lab01]
La notification navigateur 6 a été ajoutée à la file d'attente : [GLPI #0000181] Nouveau ticket Tableau suivi indicateur
2021-04-14 08:59:03 [58@lab01]
La notification navigateur 2 a été ajoutée à la file d'attente : [GLPI #0000182] Nouveau ticket Sokhna Aminata Mbacke
2021-04-14 08:59:03 [58@lab01]
La notification navigateur 47 a été ajoutée à la file d'attente : [GLPI #0000182] Nouveau ticket Sokhna Aminata Mbacke
2021-04-14 08:59:03 [58@lab01]
La notification navigateur 6 a été ajoutée à la file d'attente : [GLPI #0000182] Nouveau ticket Sokhna Aminata Mbacke
2021-04-14 12:42:33 [24@lab01]
La notification navigateur 2 a été ajoutée à la file d'attente : [GLPI #0000185] Nouveau ticket Bonjour heure machine déréglée.
2021-04-14 12:42:33 [24@lab01]
La notification navigateur 47 a été ajoutée à la file d'attente : [GLPI #0000185] Nouveau ticket Bonjour heure machine déréglée.
2021-04-14 12:42:33 [24@lab01]
La notification navigateur 6 a été ajoutée à la file d'attente : [GLPI #0000185] Nouveau ticket Bonjour heure machine déréglée.
2021-04-14 14:17:32 [24@lab01]
La notification navigateur 2 a été ajoutée à la file d'attente : [GLPI #0000186] Nouveau ticket profil désactivé
2021-04-14 14:17:33 [24@lab01]
La notification navigateur 47 a été ajoutée à la file d'attente : [GLPI #0000186] Nouveau ticket profil désactivé
2021-04-14 14:17:33 [24@lab01]
La notification navigateur 6 a été ajoutée à la file d'attente : [GLPI #0000186] Nouveau ticket profil désactivé
2021-04-16 08:21:13 [2@lab01]
La notification navigateur 2 a été ajoutée à la file d'attente : [GLPI #0000188] Nouveau ticket Profil désactivé
2021-04-16 08:21:13 [2@lab01]
La notification navigateur 47 a été ajoutée à la file d'attente : [GLPI #0000188] Nouveau ticket Profil désactivé
2021-04-16 08:21:14 [2@lab01]
La notification navigateur 6 a été ajoutée à la file d'attente : [GLPI #0000188] Nouveau ticket Profil désactivé
2021-04-16 08:58:55 [13@lab01]
La notification navigateur 2 a été ajoutée à la file d'attente : [GLPI #0000190] Nouveau ticket PROFIL DESACTIVE
2021-04-16 08:58:55 [13@lab01]
La notification navigateur 47 a été ajoutée à la file d'attente : [GLPI #0000190] Nouveau ticket PROFIL DESACTIVE
2021-04-16 08:58:55 [13@lab01]
La notification navigateur 6 a été ajoutée à la file d'attente : [GLPI #0000190] Nouveau ticket PROFIL DESACTIVE
2021-04-16 09:04:49 [2@lab01]
La notification navigateur 2 a été ajoutée à la file d'attente : [GLPI #0000191] Nouveau ticket Cloture de l'exercie 2020
2021-04-16 09:04:49 [2@lab01]
La notification navigateur 47 a été ajoutée à la file d'attente : [GLPI #0000191] Nouveau ticket Cloture de l'exercie 2020
2021-04-16 09:04:50 [2@lab01]
La notification navigateur 6 a été ajoutée à la file d'attente : [GLPI #0000191] Nouveau ticket Cloture de l'exercie 2020
2021-04-16 09:27:45 [58@lab01]
La notification navigateur 2 a été ajoutée à la file d'attente : [GLPI #0000192] Nouveau ticket Sokhna Aminata Mbacke
2021-04-16 09:27:45 [58@lab01]
La notification navigateur 47 a été ajoutée à la file d'attente : [GLPI #0000192] Nouveau ticket Sokhna Aminata Mbacke
2021-04-16 09:27:46 [58@lab01]
La notification navigateur 6 a été ajoutée à la file d'attente : [GLPI #0000192] Nouveau ticket Sokhna Aminata Mbacke
2021-04-16 09:52:50 [13@lab01]
La notification navigateur 2 a été ajoutée à la file d'attente : [GLPI #0000193] Nouveau ticket PROFIL DESACTIVE
2021-04-16 09:52:50 [13@lab01]
La notification navigateur 47 a été ajoutée à la file d'attente : [GLPI #0000193] Nouveau ticket PROFIL DESACTIVE
2021-04-16 09:52:50 [13@lab01]
La notification navigateur 6 a été ajoutée à la file d'attente : [GLPI #0000193] Nouveau ticket PROFIL DESACTIVE
2021-04-16 15:56:52 [47@lab01]
La notification navigateur 2 a été ajoutée à la file d'attente : [GLPI #0000195] Nouveau ticket FMO pour sauvegarde cloture annuelle
2021-04-16 15:56:52 [47@lab01]
La notification navigateur 47 a été ajoutée à la file d'attente : [GLPI #0000195] Nouveau ticket FMO pour sauvegarde cloture annuelle
2021-04-16 15:56:52 [47@lab01]
La notification navigateur 6 a été ajoutée à la file d'attente : [GLPI #0000195] Nouveau ticket FMO pour sauvegarde cloture annuelle
2021-04-17 10:31:40 [2@lab01]
La notification navigateur 2 a été ajoutée à la file d'attente : [GLPI #0000196] Nouveau ticket Liste de tous produits avec stock supérieur à zéro mais sans adresse
2021-04-17 10:31:40 [2@lab01]
La notification navigateur 47 a été ajoutée à la file d'attente : [GLPI #0000196] Nouveau ticket Liste de tous produits avec stock supérieur à zéro mais sans adresse
2021-04-17 10:31:40 [2@lab01]
La notification navigateur 6 a été ajoutée à la file d'attente : [GLPI #0000196] Nouveau ticket Liste de tous produits avec stock supérieur à zéro mais sans adresse
2021-04-17 10:32:49 [2@lab01]
La notification navigateur 2 a été ajoutée à la file d'attente : [GLPI #0000197] Nouveau ticket -	Liste des FA et NT avec stock zéro mais avec adresse
2021-04-17 10:32:49 [2@lab01]
La notification navigateur 47 a été ajoutée à la file d'attente : [GLPI #0000197] Nouveau ticket -	Liste des FA et NT avec stock zéro mais avec adresse
2021-04-17 10:32:49 [2@lab01]
La notification navigateur 6 a été ajoutée à la file d'attente : [GLPI #0000197] Nouveau ticket -	Liste des FA et NT avec stock zéro mais avec adresse
2021-04-17 10:33:56 [2@lab01]
La notification navigateur 2 a été ajoutée à la file d'attente : [GLPI #0000198] Nouveau ticket -	Liste des produits qui ont  entre 1 et 10  jours 
2021-04-17 10:33:57 [2@lab01]
La notification navigateur 47 a été ajoutée à la file d'attente : [GLPI #0000198] Nouveau ticket -	Liste des produits qui ont  entre 1 et 10  jours 
2021-04-17 10:33:57 [2@lab01]
La notification navigateur 6 a été ajoutée à la file d'attente : [GLPI #0000198] Nouveau ticket -	Liste des produits qui ont  entre 1 et 10  jours 
2021-04-17 10:35:11 [2@lab01]
La notification navigateur 2 a été ajoutée à la file d'attente : [GLPI #0000199] Nouveau ticket -	Liste des produits à stock négatif
2021-04-17 10:35:11 [2@lab01]
La notification navigateur 47 a été ajoutée à la file d'attente : [GLPI #0000199] Nouveau ticket -	Liste des produits à stock négatif
2021-04-17 10:35:11 [2@lab01]
La notification navigateur 6 a été ajoutée à la file d'attente : [GLPI #0000199] Nouveau ticket -	Liste des produits à stock négatif
2021-04-17 10:59:58 [2@lab01]
La notification navigateur 2 a été ajoutée à la file d'attente : [GLPI #0000200] Nouveau ticket -	Liste des produits bloqués à la vente
2021-04-17 10:59:58 [2@lab01]
La notification navigateur 47 a été ajoutée à la file d'attente : [GLPI #0000200] Nouveau ticket -	Liste des produits bloqués à la vente
2021-04-17 10:59:58 [2@lab01]
La notification navigateur 6 a été ajoutée à la file d'attente : [GLPI #0000200] Nouveau ticket -	Liste des produits bloqués à la vente
2021-04-17 11:00:55 [2@lab01]
La notification navigateur 2 a été ajoutée à la file d'attente : [GLPI #0000201] Nouveau ticket -	Liste des produits non livrés
2021-04-17 11:00:55 [2@lab01]
La notification navigateur 47 a été ajoutée à la file d'attente : [GLPI #0000201] Nouveau ticket -	Liste des produits non livrés
2021-04-17 11:00:55 [2@lab01]
La notification navigateur 6 a été ajoutée à la file d'attente : [GLPI #0000201] Nouveau ticket -	Liste des produits non livrés
2021-04-17 11:01:39 [2@lab01]
La notification navigateur 2 a été ajoutée à la file d'attente : [GLPI #0000202] Nouveau ticket -	Liste des avoirs
2021-04-17 11:01:39 [2@lab01]
La notification navigateur 47 a été ajoutée à la file d'attente : [GLPI #0000202] Nouveau ticket -	Liste des avoirs
2021-04-17 11:01:39 [2@lab01]
La notification navigateur 6 a été ajoutée à la file d'attente : [GLPI #0000202] Nouveau ticket -	Liste des avoirs
2021-04-17 11:02:25 [2@lab01]
La notification navigateur 2 a été ajoutée à la file d'attente : [GLPI #0000203] Nouveau ticket -	Liste des emplacements libres entre les allées 03 et 14
2021-04-17 11:02:25 [2@lab01]
La notification navigateur 47 a été ajoutée à la file d'attente : [GLPI #0000203] Nouveau ticket -	Liste des emplacements libres entre les allées 03 et 14
2021-04-17 11:02:25 [2@lab01]
La notification navigateur 6 a été ajoutée à la file d'attente : [GLPI #0000203] Nouveau ticket -	Liste des emplacements libres entre les allées 03 et 14
2021-04-17 11:03:35 [2@lab01]
La notification navigateur 2 a été ajoutée à la file d'attente : [GLPI #0000204] Nouveau ticket -	Pouvoir cibler le ART 41 par allée 
2021-04-17 11:03:35 [2@lab01]
La notification navigateur 47 a été ajoutée à la file d'attente : [GLPI #0000204] Nouveau ticket -	Pouvoir cibler le ART 41 par allée 
2021-04-17 11:03:35 [2@lab01]
La notification navigateur 6 a été ajoutée à la file d'attente : [GLPI #0000204] Nouveau ticket -	Pouvoir cibler le ART 41 par allée 
2021-04-17 11:07:56 [2@lab01]
La notification navigateur 2 a été ajoutée à la file d'attente : [GLPI #0000205] Nouveau ticket -	Tirer les produits qui n’ont pas de mini maxi
2021-04-17 11:07:56 [2@lab01]
La notification navigateur 47 a été ajoutée à la file d'attente : [GLPI #0000205] Nouveau ticket -	Tirer les produits qui n’ont pas de mini maxi
2021-04-17 11:07:56 [2@lab01]
La notification navigateur 6 a été ajoutée à la file d'attente : [GLPI #0000205] Nouveau ticket -	Tirer les produits qui n’ont pas de mini maxi
2021-04-17 11:08:47 [2@lab01]
La notification navigateur 2 a été ajoutée à la file d'attente : [GLPI #0000206] Nouveau ticket -	Faire des inventaires cibler par produit
2021-04-17 11:08:47 [2@lab01]
La notification navigateur 47 a été ajoutée à la file d'attente : [GLPI #0000206] Nouveau ticket -	Faire des inventaires cibler par produit
2021-04-17 11:08:47 [2@lab01]
La notification navigateur 6 a été ajoutée à la file d'attente : [GLPI #0000206] Nouveau ticket -	Faire des inventaires cibler par produit
2021-04-17 11:09:40 [2@lab01]
La notification navigateur 2 a été ajoutée à la file d'attente : [GLPI #0000207] Nouveau ticket -	Liste des produits stupéfiant psychotrope sanguins et vétérinaire 
2021-04-17 11:09:41 [2@lab01]
La notification navigateur 47 a été ajoutée à la file d'attente : [GLPI #0000207] Nouveau ticket -	Liste des produits stupéfiant psychotrope sanguins et vétérinaire 
2021-04-17 11:09:41 [2@lab01]
La notification navigateur 6 a été ajoutée à la file d'attente : [GLPI #0000207] Nouveau ticket -	Liste des produits stupéfiant psychotrope sanguins et vétérinaire 
2021-04-17 11:10:41 [2@lab01]
La notification navigateur 2 a été ajoutée à la file d'attente : [GLPI #0000208] Nouveau ticket le nombre de ligne par jour et par mois
2021-04-17 11:10:41 [2@lab01]
La notification navigateur 47 a été ajoutée à la file d'attente : [GLPI #0000208] Nouveau ticket le nombre de ligne par jour et par mois
2021-04-17 11:10:41 [2@lab01]
La notification navigateur 6 a été ajoutée à la file d'attente : [GLPI #0000208] Nouveau ticket le nombre de ligne par jour et par mois
2021-04-17 11:11:37 [2@lab01]
La notification navigateur 2 a été ajoutée à la file d'attente : [GLPI #0000209] Nouveau ticket Liste des produits non livré
2021-04-17 11:11:37 [2@lab01]
La notification navigateur 47 a été ajoutée à la file d'attente : [GLPI #0000209] Nouveau ticket Liste des produits non livré
2021-04-17 11:11:37 [2@lab01]
La notification navigateur 6 a été ajoutée à la file d'attente : [GLPI #0000209] Nouveau ticket Liste des produits non livré
2021-04-17 11:13:02 [2@lab01]
La notification navigateur 2 a été ajoutée à la file d'attente : [GLPI #0000210] Nouveau ticket -	Le nombre de facture modifié par jour et par mois
2021-04-17 11:13:02 [2@lab01]
La notification navigateur 47 a été ajoutée à la file d'attente : [GLPI #0000210] Nouveau ticket -	Le nombre de facture modifié par jour et par mois
2021-04-17 11:13:02 [2@lab01]
La notification navigateur 6 a été ajoutée à la file d'attente : [GLPI #0000210] Nouveau ticket -	Le nombre de facture modifié par jour et par mois
2021-04-17 11:13:49 [2@lab01]
La notification navigateur 2 a été ajoutée à la file d'attente : [GLPI #0000211] Nouveau ticket -	Le suivi des erreurs de préparation avec le top 5 de ceux qui font le plus d’erreur
2021-04-17 11:13:49 [2@lab01]
La notification navigateur 47 a été ajoutée à la file d'attente : [GLPI #0000211] Nouveau ticket -	Le suivi des erreurs de préparation avec le top 5 de ceux qui font le plus d’erreur
2021-04-17 11:13:50 [2@lab01]
La notification navigateur 6 a été ajoutée à la file d'attente : [GLPI #0000211] Nouveau ticket -	Le suivi des erreurs de préparation avec le top 5 de ceux qui font le plus d’erreur
2021-04-17 11:17:10 [2@lab01]
La notification navigateur 2 a été ajoutée à la file d'attente : [GLPI #0000212] Nouveau ticket REQUETE VENTE PAR SOUS CATEGORIE
2021-04-17 11:17:11 [2@lab01]
La notification navigateur 47 a été ajoutée à la file d'attente : [GLPI #0000212] Nouveau ticket REQUETE VENTE PAR SOUS CATEGORIE
2021-04-17 11:17:11 [2@lab01]
La notification navigateur 6 a été ajoutée à la file d'attente : [GLPI #0000212] Nouveau ticket REQUETE VENTE PAR SOUS CATEGORIE
2021-04-17 11:18:01 [2@lab01]
La notification navigateur 2 a été ajoutée à la file d'attente : [GLPI #0000213] Nouveau ticket TOP HAUSSE/ TOP BAISSE DF 
2021-04-17 11:18:01 [2@lab01]
La notification navigateur 47 a été ajoutée à la file d'attente : [GLPI #0000213] Nouveau ticket TOP HAUSSE/ TOP BAISSE DF 
2021-04-17 11:18:01 [2@lab01]
La notification navigateur 6 a été ajoutée à la file d'attente : [GLPI #0000213] Nouveau ticket TOP HAUSSE/ TOP BAISSE DF 
2021-04-19 17:21:49 [72@lab01]
La notification navigateur 2 a été ajoutée à la file d'attente : [GLPI #0000214] Nouveau ticket Avoir deux écrans pour AS400
2021-04-19 17:21:50 [72@lab01]
La notification navigateur 47 a été ajoutée à la file d'attente : [GLPI #0000214] Nouveau ticket Avoir deux écrans pour AS400
2021-04-19 17:21:50 [72@lab01]
La notification navigateur 6 a été ajoutée à la file d'attente : [GLPI #0000214] Nouveau ticket Avoir deux écrans pour AS400
2021-04-20 08:49:51 [28@lab01]
La notification navigateur 2 a été ajoutée à la file d'attente : [GLPI #0000215] Nouveau ticket Extraction produits hors visa
2021-04-20 08:49:51 [28@lab01]
La notification navigateur 47 a été ajoutée à la file d'attente : [GLPI #0000215] Nouveau ticket Extraction produits hors visa
2021-04-20 08:49:52 [28@lab01]
La notification navigateur 6 a été ajoutée à la file d'attente : [GLPI #0000215] Nouveau ticket Extraction produits hors visa
2021-04-20 08:50:32 [28@lab01]
La notification navigateur 2 a été ajoutée à la file d'attente : [GLPI #0000216] Nouveau ticket Extraction produits Véto
2021-04-20 08:50:32 [28@lab01]
La notification navigateur 47 a été ajoutée à la file d'attente : [GLPI #0000216] Nouveau ticket Extraction produits Véto
2021-04-20 08:50:32 [28@lab01]
La notification navigateur 6 a été ajoutée à la file d'attente : [GLPI #0000216] Nouveau ticket Extraction produits Véto
2021-04-20 10:12:04 [21@lab01]
La notification navigateur 2 a été ajoutée à la file d'attente : [GLPI #0000217] Nouveau ticket Extractions Produits PFDC
2021-04-20 10:12:04 [21@lab01]
La notification navigateur 47 a été ajoutée à la file d'attente : [GLPI #0000217] Nouveau ticket Extractions Produits PFDC
2021-04-20 10:12:04 [21@lab01]
La notification navigateur 6 a été ajoutée à la file d'attente : [GLPI #0000217] Nouveau ticket Extractions Produits PFDC
2021-04-21 08:32:30 [72@lab01]
La notification navigateur 2 a été ajoutée à la file d'attente : [GLPI #0000218] Nouveau ticket Déconexion AS 400 aprés chaque fin de journée
2021-04-21 08:32:30 [72@lab01]
La notification navigateur 47 a été ajoutée à la file d'attente : [GLPI #0000218] Nouveau ticket Déconexion AS 400 aprés chaque fin de journée
2021-04-21 08:32:30 [72@lab01]
La notification navigateur 6 a été ajoutée à la file d'attente : [GLPI #0000218] Nouveau ticket Déconexion AS 400 aprés chaque fin de journée
2021-04-21 11:31:04 [47@lab01]
La notification navigateur 2 a été ajoutée à la file d'attente : [GLPI #0000219] Nouveau ticket MAJ 0365 E3 pour Magatte Niang
2021-04-21 11:31:04 [47@lab01]
La notification navigateur 47 a été ajoutée à la file d'attente : [GLPI #0000219] Nouveau ticket MAJ 0365 E3 pour Magatte Niang
2021-04-21 11:31:04 [47@lab01]
La notification navigateur 6 a été ajoutée à la file d'attente : [GLPI #0000219] Nouveau ticket MAJ 0365 E3 pour Magatte Niang
2021-04-23 13:57:30 [72@lab01]
La notification navigateur 2 a été ajoutée à la file d'attente : [GLPI #0000220] Nouveau ticket Changement de souris et clavier  Merci
2021-04-23 13:57:30 [72@lab01]
La notification navigateur 47 a été ajoutée à la file d'attente : [GLPI #0000220] Nouveau ticket Changement de souris et clavier  Merci
2021-04-23 13:57:30 [72@lab01]
La notification navigateur 6 a été ajoutée à la file d'attente : [GLPI #0000220] Nouveau ticket Changement de souris et clavier  Merci
2021-04-26 11:20:58 [43@lab01]
La notification navigateur 2 a été ajoutée à la file d'attente : [GLPI #0000222] Nouveau ticket PROBLEME D'IMPRESSION
2021-04-26 11:20:58 [43@lab01]
La notification navigateur 47 a été ajoutée à la file d'attente : [GLPI #0000222] Nouveau ticket PROBLEME D'IMPRESSION
2021-04-26 11:20:58 [43@lab01]
La notification navigateur 6 a été ajoutée à la file d'attente : [GLPI #0000222] Nouveau ticket PROBLEME D'IMPRESSION
2021-04-26 11:39:01 [72@lab01]
La notification navigateur 2 a été ajoutée à la file d'attente : [GLPI #0000223] Nouveau ticket Copier les pilotages Avaries et Retour sur le Excel de Anta Possibilit
2021-04-26 11:39:01 [72@lab01]
La notification navigateur 47 a été ajoutée à la file d'attente : [GLPI #0000223] Nouveau ticket Copier les pilotages Avaries et Retour sur le Excel de Anta Possibilit
2021-04-26 11:39:01 [72@lab01]
La notification navigateur 6 a été ajoutée à la file d'attente : [GLPI #0000223] Nouveau ticket Copier les pilotages Avaries et Retour sur le Excel de Anta Possibilit
2021-04-26 13:21:57 [2@lab01]
La notification navigateur 2 a été ajoutée à la file d'attente : [GLPI #0000224] Nouveau ticket Nouvelle commande SAT VINS: URGENT
2021-04-26 13:21:57 [2@lab01]
La notification navigateur 47 a été ajoutée à la file d'attente : [GLPI #0000224] Nouveau ticket Nouvelle commande SAT VINS: URGENT
2021-04-26 13:21:58 [2@lab01]
La notification navigateur 6 a été ajoutée à la file d'attente : [GLPI #0000224] Nouveau ticket Nouvelle commande SAT VINS: URGENT
2021-04-27 08:36:31 [2@lab01]
La notification navigateur 2 a été ajoutée à la file d'attente : [GLPI #0000226] Nouveau ticket Deconexion au Dossier Commun
2021-04-27 08:36:31 [2@lab01]
La notification navigateur 47 a été ajoutée à la file d'attente : [GLPI #0000226] Nouveau ticket Deconexion au Dossier Commun
2021-04-27 08:36:32 [2@lab01]
La notification navigateur 6 a été ajoutée à la file d'attente : [GLPI #0000226] Nouveau ticket Deconexion au Dossier Commun
2021-04-27 11:30:22 [36@lab01]
La notification navigateur 2 a été ajoutée à la file d'attente : [GLPI #0000227] Nouveau ticket le toner
2021-04-27 11:30:22 [36@lab01]
La notification navigateur 47 a été ajoutée à la file d'attente : [GLPI #0000227] Nouveau ticket le toner
2021-04-27 11:30:22 [36@lab01]
La notification navigateur 6 a été ajoutée à la file d'attente : [GLPI #0000227] Nouveau ticket le toner
2021-04-27 15:01:03 [21@lab01]
La notification navigateur 2 a été ajoutée à la file d'attente : [GLPI #0000228] Nouveau ticket Références Danone
2021-04-27 15:01:03 [21@lab01]
La notification navigateur 47 a été ajoutée à la file d'attente : [GLPI #0000228] Nouveau ticket Références Danone
2021-04-27 15:01:03 [21@lab01]
La notification navigateur 6 a été ajoutée à la file d'attente : [GLPI #0000228] Nouveau ticket Références Danone
2021-04-27 15:34:45 [17@lab01]
La notification navigateur 2 a été ajoutée à la file d'attente : [GLPI #0000229] Nouveau ticket Lenteur connexion réseau 
2021-04-27 15:34:46 [17@lab01]
La notification navigateur 47 a été ajoutée à la file d'attente : [GLPI #0000229] Nouveau ticket Lenteur connexion réseau 
2021-04-27 15:34:46 [17@lab01]
La notification navigateur 6 a été ajoutée à la file d'attente : [GLPI #0000229] Nouveau ticket Lenteur connexion réseau 
2021-04-27 15:38:12 [17@lab01]
La notification navigateur 2 a été ajoutée à la file d'attente : [GLPI #0000230] Nouveau ticket papier  coupé a l'impression
2021-04-27 15:38:12 [17@lab01]
La notification navigateur 47 a été ajoutée à la file d'attente : [GLPI #0000230] Nouveau ticket papier  coupé a l'impression
2021-04-27 15:38:13 [17@lab01]
La notification navigateur 6 a été ajoutée à la file d'attente : [GLPI #0000230] Nouveau ticket papier  coupé a l'impression
2021-04-28 11:00:34 [72@lab01]
La notification navigateur 2 a été ajoutée à la file d'attente : [GLPI #0000235] Nouveau ticket Je n'arrive pas à actualiser le PRIOTIC
2021-04-28 11:00:35 [72@lab01]
La notification navigateur 47 a été ajoutée à la file d'attente : [GLPI #0000235] Nouveau ticket Je n'arrive pas à actualiser le PRIOTIC
2021-04-28 11:00:35 [72@lab01]
La notification navigateur 6 a été ajoutée à la file d'attente : [GLPI #0000235] Nouveau ticket Je n'arrive pas à actualiser le PRIOTIC
2021-04-29 09:11:55 [72@lab01]
La notification navigateur 2 a été ajoutée à la file d'attente : [GLPI #0000236] Nouveau ticket Bonjour L'accés au dossier exploitation ne marche pas
2021-04-29 09:11:55 [72@lab01]
La notification navigateur 47 a été ajoutée à la file d'attente : [GLPI #0000236] Nouveau ticket Bonjour L'accés au dossier exploitation ne marche pas
2021-04-29 09:11:56 [72@lab01]
La notification navigateur 6 a été ajoutée à la file d'attente : [GLPI #0000236] Nouveau ticket Bonjour L'accés au dossier exploitation ne marche pas
2021-04-29 10:43:14 [9@lab01]
La notification navigateur 2 a été ajoutée à la file d'attente : [GLPI #0000237] Nouveau ticket demande de fournitures de bureau 
2021-04-29 10:43:15 [9@lab01]
La notification navigateur 47 a été ajoutée à la file d'attente : [GLPI #0000237] Nouveau ticket demande de fournitures de bureau 
2021-04-29 10:43:15 [9@lab01]
La notification navigateur 6 a été ajoutée à la file d'attente : [GLPI #0000237] Nouveau ticket demande de fournitures de bureau 
2021-05-03 10:44:27 [52@lab01]
La notification navigateur 2 a été ajoutée à la file d'attente : [GLPI #0000240] Nouveau ticket Edition Relevé
2021-05-03 10:44:27 [52@lab01]
La notification navigateur 47 a été ajoutée à la file d'attente : [GLPI #0000240] Nouveau ticket Edition Relevé
2021-05-03 10:44:27 [52@lab01]
La notification navigateur 6 a été ajoutée à la file d'attente : [GLPI #0000240] Nouveau ticket Edition Relevé
2021-05-03 15:56:56 [16@lab01]
La notification navigateur 2 a été ajoutée à la file d'attente : [GLPI #0000241] Nouveau ticket Non démarrage du système informatique
2021-05-03 15:56:56 [16@lab01]
La notification navigateur 47 a été ajoutée à la file d'attente : [GLPI #0000241] Nouveau ticket Non démarrage du système informatique
2021-05-03 15:56:56 [16@lab01]
La notification navigateur 6 a été ajoutée à la file d'attente : [GLPI #0000241] Nouveau ticket Non démarrage du système informatique
2021-05-04 08:14:25 [2@lab01]
La notification navigateur 2 a été ajoutée à la file d'attente : [GLPI #0000242] Nouveau ticket Ajout d'option
2021-05-04 08:14:25 [2@lab01]
La notification navigateur 47 a été ajoutée à la file d'attente : [GLPI #0000242] Nouveau ticket Ajout d'option
2021-05-04 08:14:26 [2@lab01]
La notification navigateur 6 a été ajoutée à la file d'attente : [GLPI #0000242] Nouveau ticket Ajout d'option
2021-05-04 08:58:08 [53@lab01]
La notification navigateur 2 a été ajoutée à la file d'attente : [GLPI #0000243] Nouveau ticket Dianka
2021-05-04 08:58:08 [53@lab01]
La notification navigateur 47 a été ajoutée à la file d'attente : [GLPI #0000243] Nouveau ticket Dianka
2021-05-04 08:58:08 [53@lab01]
La notification navigateur 6 a été ajoutée à la file d'attente : [GLPI #0000243] Nouveau ticket Dianka
2021-05-04 09:00:54 [53@lab01]
La notification navigateur 2 a été ajoutée à la file d'attente : [GLPI #0000244] Nouveau ticket Dianka
2021-05-04 09:00:54 [53@lab01]
La notification navigateur 47 a été ajoutée à la file d'attente : [GLPI #0000244] Nouveau ticket Dianka
2021-05-04 09:00:54 [53@lab01]
La notification navigateur 6 a été ajoutée à la file d'attente : [GLPI #0000244] Nouveau ticket Dianka
2021-05-04 10:40:00 [12@lab01]
La notification navigateur 2 a été ajoutée à la file d'attente : [GLPI #0000245] Nouveau ticket profit AS400
2021-05-04 10:40:00 [12@lab01]
La notification navigateur 47 a été ajoutée à la file d'attente : [GLPI #0000245] Nouveau ticket profit AS400
2021-05-04 10:40:00 [12@lab01]
La notification navigateur 6 a été ajoutée à la file d'attente : [GLPI #0000245] Nouveau ticket profit AS400
2021-05-04 15:09:39 [72@lab01]
La notification navigateur 2 a été ajoutée à la file d'attente : [GLPI #0000246] Nouveau ticket Pas d'accés au fichier exploitation
2021-05-04 15:09:39 [72@lab01]
La notification navigateur 47 a été ajoutée à la file d'attente : [GLPI #0000246] Nouveau ticket Pas d'accés au fichier exploitation
2021-05-04 15:09:39 [72@lab01]
La notification navigateur 6 a été ajoutée à la file d'attente : [GLPI #0000246] Nouveau ticket Pas d'accés au fichier exploitation
2021-05-05 08:14:03 [53@lab01]
La notification navigateur 2 a été ajoutée à la file d'attente : [GLPI #0000247] Nouveau ticket Profil AS 400 écran central désactivé ID EXPODA MDP oda1aexp merci pou
2021-05-05 08:14:04 [53@lab01]
La notification navigateur 47 a été ajoutée à la file d'attente : [GLPI #0000247] Nouveau ticket Profil AS 400 écran central désactivé ID EXPODA MDP oda1aexp merci pou
2021-05-05 08:14:04 [53@lab01]
La notification navigateur 6 a été ajoutée à la file d'attente : [GLPI #0000247] Nouveau ticket Profil AS 400 écran central désactivé ID EXPODA MDP oda1aexp merci pou
2021-05-05 09:09:38 [72@lab01]
La notification navigateur 2 a été ajoutée à la file d'attente : [GLPI #0000248] Nouveau ticket Bonjour,  Je n'arrive pas à travailler sur les deux écrans de AS400
2021-05-05 09:09:38 [72@lab01]
La notification navigateur 47 a été ajoutée à la file d'attente : [GLPI #0000248] Nouveau ticket Bonjour,  Je n'arrive pas à travailler sur les deux écrans de AS400
2021-05-05 09:09:38 [72@lab01]
La notification navigateur 6 a été ajoutée à la file d'attente : [GLPI #0000248] Nouveau ticket Bonjour,  Je n'arrive pas à travailler sur les deux écrans de AS400
2021-05-06 09:07:01 [13@lab01]
La notification navigateur 2 a été ajoutée à la file d'attente : [GLPI #0000249] Nouveau ticket 
2021-05-06 09:07:01 [13@lab01]
La notification navigateur 47 a été ajoutée à la file d'attente : [GLPI #0000249] Nouveau ticket 
2021-05-06 09:07:01 [13@lab01]
La notification navigateur 6 a été ajoutée à la file d'attente : [GLPI #0000249] Nouveau ticket 
2021-05-06 09:08:03 [13@lab01]
La notification navigateur 2 a été ajoutée à la file d'attente : [GLPI #0000250] Nouveau ticket PROFIL DESACTIVE
2021-05-06 09:08:03 [13@lab01]
La notification navigateur 47 a été ajoutée à la file d'attente : [GLPI #0000250] Nouveau ticket PROFIL DESACTIVE
2021-05-06 09:08:03 [13@lab01]
La notification navigateur 6 a été ajoutée à la file d'attente : [GLPI #0000250] Nouveau ticket PROFIL DESACTIVE
2021-05-06 09:08:43 [13@lab01]
La notification navigateur 2 a été ajoutée à la file d'attente : [GLPI #0000251] Nouveau ticket AISSATOU DIAGNE 
2021-05-06 09:08:43 [13@lab01]
La notification navigateur 47 a été ajoutée à la file d'attente : [GLPI #0000251] Nouveau ticket AISSATOU DIAGNE 
2021-05-06 09:08:43 [13@lab01]
La notification navigateur 6 a été ajoutée à la file d'attente : [GLPI #0000251] Nouveau ticket AISSATOU DIAGNE 
2021-05-06 14:07:52 [72@lab01]
La notification navigateur 2 a été ajoutée à la file d'attente : [GLPI #0000252] Nouveau ticket Je n'arrive pas à me connecter sur l'écran centrale 00
2021-05-06 14:07:52 [72@lab01]
La notification navigateur 47 a été ajoutée à la file d'attente : [GLPI #0000252] Nouveau ticket Je n'arrive pas à me connecter sur l'écran centrale 00
2021-05-06 14:07:52 [72@lab01]
La notification navigateur 6 a été ajoutée à la file d'attente : [GLPI #0000252] Nouveau ticket Je n'arrive pas à me connecter sur l'écran centrale 00
2021-05-06 15:12:34 [13@lab01]
La notification navigateur 2 a été ajoutée à la file d'attente : [GLPI #0000253] Nouveau ticket 
2021-05-06 15:12:34 [13@lab01]
La notification navigateur 47 a été ajoutée à la file d'attente : [GLPI #0000253] Nouveau ticket 
2021-05-06 15:12:35 [13@lab01]
La notification navigateur 6 a été ajoutée à la file d'attente : [GLPI #0000253] Nouveau ticket 
2021-05-07 14:21:37 [13@lab01]
La notification navigateur 2 a été ajoutée à la file d'attente : [GLPI #0000254] Nouveau ticket accès dossier commun hors visa 
2021-05-07 14:21:37 [13@lab01]
La notification navigateur 47 a été ajoutée à la file d'attente : [GLPI #0000254] Nouveau ticket accès dossier commun hors visa 
2021-05-07 14:21:37 [13@lab01]
La notification navigateur 6 a été ajoutée à la file d'attente : [GLPI #0000254] Nouveau ticket accès dossier commun hors visa 
2021-05-10 09:24:42 [2@lab01]
La notification navigateur 2 a été ajoutée à la file d'attente : [GLPI #0000255] Nouveau ticket Promotions
2021-05-10 09:24:42 [2@lab01]
La notification navigateur 47 a été ajoutée à la file d'attente : [GLPI #0000255] Nouveau ticket Promotions
2021-05-10 09:24:42 [2@lab01]
La notification navigateur 6 a été ajoutée à la file d'attente : [GLPI #0000255] Nouveau ticket Promotions
2021-05-10 09:25:22 [2@lab01]
La notification navigateur 2 a été ajoutée à la file d'attente : [GLPI #0000256] Nouveau ticket ventes par article des produits DF et SF.
2021-05-10 09:25:22 [2@lab01]
La notification navigateur 47 a été ajoutée à la file d'attente : [GLPI #0000256] Nouveau ticket ventes par article des produits DF et SF.
2021-05-10 09:25:23 [2@lab01]
La notification navigateur 6 a été ajoutée à la file d'attente : [GLPI #0000256] Nouveau ticket ventes par article des produits DF et SF.
2021-05-10 10:10:42 [13@lab01]
La notification navigateur 2 a été ajoutée à la file d'attente : [GLPI #0000257] Nouveau ticket accès dossier commun hors visa 
2021-05-10 10:10:42 [13@lab01]
La notification navigateur 47 a été ajoutée à la file d'attente : [GLPI #0000257] Nouveau ticket accès dossier commun hors visa 
2021-05-10 10:10:42 [13@lab01]
La notification navigateur 6 a été ajoutée à la file d'attente : [GLPI #0000257] Nouveau ticket accès dossier commun hors visa 
2021-05-11 10:52:36 [47@lab01]
La notification navigateur 2 a été ajoutée à la file d'attente : [GLPI #0000258] Nouveau ticket Test
2021-05-11 10:52:36 [47@lab01]
La notification navigateur 47 a été ajoutée à la file d'attente : [GLPI #0000258] Nouveau ticket Test
2021-05-11 10:52:36 [47@lab01]
La notification navigateur 6 a été ajoutée à la file d'attente : [GLPI #0000258] Nouveau ticket Test
2021-05-11 10:59:14 [73@lab01]
La notification navigateur 2 a été ajoutée à la file d'attente : [GLPI #0000259] Nouveau ticket Test Ticket
2021-05-11 10:59:14 [73@lab01]
La notification navigateur 47 a été ajoutée à la file d'attente : [GLPI #0000259] Nouveau ticket Test Ticket
2021-05-11 10:59:14 [73@lab01]
La notification navigateur 6 a été ajoutée à la file d'attente : [GLPI #0000259] Nouveau ticket Test Ticket
2021-05-11 11:39:38 [69@lab01]
La notification navigateur 2 a été ajoutée à la file d'attente : [GLPI #0000260] Nouveau ticket Test
2021-05-11 11:39:38 [69@lab01]
La notification navigateur 47 a été ajoutée à la file d'attente : [GLPI #0000260] Nouveau ticket Test
2021-05-11 11:39:38 [69@lab01]
La notification navigateur 6 a été ajoutée à la file d'attente : [GLPI #0000260] Nouveau ticket Test
2021-05-11 11:50:11 [69@lab01]
La notification navigateur 2 a été ajoutée à la file d'attente : [GLPI #0000261] Nouveau ticket salam
2021-05-11 11:50:11 [69@lab01]
La notification navigateur 47 a été ajoutée à la file d'attente : [GLPI #0000261] Nouveau ticket salam
2021-05-11 11:50:11 [69@lab01]
La notification navigateur 6 a été ajoutée à la file d'attente : [GLPI #0000261] Nouveau ticket salam
2021-05-11 11:51:56 [69@lab01]
La notification navigateur 2 a été ajoutée à la file d'attente : [GLPI #0000262] Nouveau ticket d
2021-05-11 11:51:57 [69@lab01]
La notification navigateur 47 a été ajoutée à la file d'attente : [GLPI #0000262] Nouveau ticket d
2021-05-11 11:51:57 [69@lab01]
La notification navigateur 6 a été ajoutée à la file d'attente : [GLPI #0000262] Nouveau ticket d
2021-05-11 11:59:06 [69@lab01]
La notification navigateur 2 a été ajoutée à la file d'attente : [GLPI #0000263] Nouveau ticket d
2021-05-11 11:59:06 [69@lab01]
La notification navigateur 47 a été ajoutée à la file d'attente : [GLPI #0000263] Nouveau ticket d
2021-05-11 11:59:06 [69@lab01]
La notification navigateur 6 a été ajoutée à la file d'attente : [GLPI #0000263] Nouveau ticket d
2021-05-12 11:24:29 [36@lab01]
La notification navigateur 47 a été ajoutée à la file d'attente : [GLPI #0000265] Nouveau ticket UTILISATEUR DESACTIVE
2021-05-12 11:24:30 [36@lab01]
La notification navigateur 6 a été ajoutée à la file d'attente : [GLPI #0000265] Nouveau ticket UTILISATEUR DESACTIVE
2021-05-12 11:24:30 [36@lab01]
La notification navigateur 2 a été ajoutée à la file d'attente : [GLPI #0000265] Nouveau ticket UTILISATEUR DESACTIVE
2021-05-12 11:24:30 [36@lab01]
La notification navigateur 73 a été ajoutée à la file d'attente : [GLPI #0000265] Nouveau ticket UTILISATEUR DESACTIVE
2021-05-17 16:54:18 [21@lab01]
La notification navigateur 47 a été ajoutée à la file d'attente : [GLPI #0000266] Nouveau ticket Extractions produits véto
2021-05-17 16:54:18 [21@lab01]
La notification navigateur 6 a été ajoutée à la file d'attente : [GLPI #0000266] Nouveau ticket Extractions produits véto
2021-05-17 16:54:18 [21@lab01]
La notification navigateur 2 a été ajoutée à la file d'attente : [GLPI #0000266] Nouveau ticket Extractions produits véto
2021-05-17 16:54:18 [21@lab01]
La notification navigateur 73 a été ajoutée à la file d'attente : [GLPI #0000266] Nouveau ticket Extractions produits véto
2021-05-18 09:29:25 [36@lab01]
La notification navigateur 47 a été ajoutée à la file d'attente : [GLPI #0000267] Nouveau ticket profil désactivé
2021-05-18 09:29:25 [36@lab01]
La notification navigateur 6 a été ajoutée à la file d'attente : [GLPI #0000267] Nouveau ticket profil désactivé
2021-05-18 09:29:26 [36@lab01]
La notification navigateur 2 a été ajoutée à la file d'attente : [GLPI #0000267] Nouveau ticket profil désactivé
2021-05-18 09:29:26 [36@lab01]
La notification navigateur 73 a été ajoutée à la file d'attente : [GLPI #0000267] Nouveau ticket profil désactivé
2021-05-18 09:32:33 [36@lab01]
La notification navigateur 47 a été ajoutée à la file d'attente : [GLPI #0000268] Nouveau ticket PROFIL DESACTIVE
2021-05-18 09:32:33 [36@lab01]
La notification navigateur 6 a été ajoutée à la file d'attente : [GLPI #0000268] Nouveau ticket PROFIL DESACTIVE
2021-05-18 09:32:34 [36@lab01]
La notification navigateur 2 a été ajoutée à la file d'attente : [GLPI #0000268] Nouveau ticket PROFIL DESACTIVE
2021-05-18 09:32:34 [36@lab01]
La notification navigateur 73 a été ajoutée à la file d'attente : [GLPI #0000268] Nouveau ticket PROFIL DESACTIVE
2021-05-18 10:09:53 [72@lab01]
La notification navigateur 47 a été ajoutée à la file d'attente : [GLPI #0000269] Nouveau ticket Bonjour  Merci de me connecter a AS400 je suis déconnectée tous les jo
2021-05-18 10:09:53 [72@lab01]
La notification navigateur 6 a été ajoutée à la file d'attente : [GLPI #0000269] Nouveau ticket Bonjour  Merci de me connecter a AS400 je suis déconnectée tous les jo
2021-05-18 10:09:53 [72@lab01]
La notification navigateur 2 a été ajoutée à la file d'attente : [GLPI #0000269] Nouveau ticket Bonjour  Merci de me connecter a AS400 je suis déconnectée tous les jo
2021-05-18 10:09:53 [72@lab01]
La notification navigateur 73 a été ajoutée à la file d'attente : [GLPI #0000269] Nouveau ticket Bonjour  Merci de me connecter a AS400 je suis déconnectée tous les jo
2021-05-19 09:13:02 [72@lab01]
La notification navigateur 47 a été ajoutée à la file d'attente : [GLPI #0000270] Nouveau ticket Bonjour  Merci de me changer mon clavier AS400 qui n'arrête pas de bug
2021-05-19 09:13:02 [72@lab01]
La notification navigateur 6 a été ajoutée à la file d'attente : [GLPI #0000270] Nouveau ticket Bonjour  Merci de me changer mon clavier AS400 qui n'arrête pas de bug
2021-05-19 09:13:02 [72@lab01]
La notification navigateur 2 a été ajoutée à la file d'attente : [GLPI #0000270] Nouveau ticket Bonjour  Merci de me changer mon clavier AS400 qui n'arrête pas de bug
2021-05-19 09:13:03 [72@lab01]
La notification navigateur 73 a été ajoutée à la file d'attente : [GLPI #0000270] Nouveau ticket Bonjour  Merci de me changer mon clavier AS400 qui n'arrête pas de bug
2021-05-19 15:41:49 [72@lab01]
La notification navigateur 47 a été ajoutée à la file d'attente : [GLPI #0000271] Nouveau ticket Je n'arrive pas à défiler dans le AS400
2021-05-19 15:41:49 [72@lab01]
La notification navigateur 6 a été ajoutée à la file d'attente : [GLPI #0000271] Nouveau ticket Je n'arrive pas à défiler dans le AS400
2021-05-19 15:41:50 [72@lab01]
La notification navigateur 2 a été ajoutée à la file d'attente : [GLPI #0000271] Nouveau ticket Je n'arrive pas à défiler dans le AS400
2021-05-19 15:41:50 [72@lab01]
La notification navigateur 73 a été ajoutée à la file d'attente : [GLPI #0000271] Nouveau ticket Je n'arrive pas à défiler dans le AS400
2021-05-25 09:02:20 [73@lab01]
La notification navigateur 47 a été ajoutée à la file d'attente : [GLPI #0000272] Nouveau ticket Profil et Ecrans désactivés
2021-05-25 09:02:20 [73@lab01]
La notification navigateur 6 a été ajoutée à la file d'attente : [GLPI #0000272] Nouveau ticket Profil et Ecrans désactivés
2021-05-25 09:02:20 [73@lab01]
La notification navigateur 2 a été ajoutée à la file d'attente : [GLPI #0000272] Nouveau ticket Profil et Ecrans désactivés
2021-05-25 09:02:20 [73@lab01]
La notification navigateur 73 a été ajoutée à la file d'attente : [GLPI #0000272] Nouveau ticket Profil et Ecrans désactivés
2021-05-26 10:40:16 [32@lab01]
La notification navigateur 47 a été ajoutée à la file d'attente : [GLPI #0000274] Nouveau ticket Bonjour, j'ai un problème d'impression
2021-05-26 10:40:16 [32@lab01]
La notification navigateur 6 a été ajoutée à la file d'attente : [GLPI #0000274] Nouveau ticket Bonjour, j'ai un problème d'impression
2021-05-26 10:40:16 [32@lab01]
La notification navigateur 2 a été ajoutée à la file d'attente : [GLPI #0000274] Nouveau ticket Bonjour, j'ai un problème d'impression
2021-05-26 10:40:16 [32@lab01]
La notification navigateur 73 a été ajoutée à la file d'attente : [GLPI #0000274] Nouveau ticket Bonjour, j'ai un problème d'impression
2021-05-26 12:07:34 [9@lab01]
La notification navigateur 47 a été ajoutée à la file d'attente : [GLPI #0000275] Nouveau ticket demande de fournitures de bureau
2021-05-26 12:07:34 [9@lab01]
La notification navigateur 6 a été ajoutée à la file d'attente : [GLPI #0000275] Nouveau ticket demande de fournitures de bureau
2021-05-26 12:07:34 [9@lab01]
La notification navigateur 2 a été ajoutée à la file d'attente : [GLPI #0000275] Nouveau ticket demande de fournitures de bureau
2021-05-26 12:07:34 [9@lab01]
La notification navigateur 73 a été ajoutée à la file d'attente : [GLPI #0000275] Nouveau ticket demande de fournitures de bureau
2021-05-27 08:07:28 [72@lab01]
La notification navigateur 47 a été ajoutée à la file d'attente : [GLPI #0000276] Nouveau ticket Bonjour  Merci d'installer l'écran centrale à Harona pour le suivi des
2021-05-27 08:07:28 [72@lab01]
La notification navigateur 6 a été ajoutée à la file d'attente : [GLPI #0000276] Nouveau ticket Bonjour  Merci d'installer l'écran centrale à Harona pour le suivi des
2021-05-27 08:07:28 [72@lab01]
La notification navigateur 2 a été ajoutée à la file d'attente : [GLPI #0000276] Nouveau ticket Bonjour  Merci d'installer l'écran centrale à Harona pour le suivi des
2021-05-27 08:07:28 [72@lab01]
La notification navigateur 73 a été ajoutée à la file d'attente : [GLPI #0000276] Nouveau ticket Bonjour  Merci d'installer l'écran centrale à Harona pour le suivi des
